# JRE version: OpenJDK Runtime Environment Temurin-21.0.9+10 (21.0.9+10) (build 21.0.9+10-LTS)
# Java VM: OpenJDK 64-Bit Server VM Temurin-21.0.9+10 (21.0.9+10-LTS, mixed mode, sharing, tiered, compressed oops, compressed class ptrs, parallel gc, windows-amd64)
GC Precious Log:
 CardTable entry size: 512
 CPUs: 8 total, 8 available
 Memory: 16217M
 Large Page Support: Disabled
 NUMA Support: Disabled
 Compressed Oops: Enabled (32-bit)
 Alignments: Space 512K, Generation 512K, Heap 2M
 Heap Min Capacity: 100M
 Heap Initial Capacity: 100M
 Heap Max Capacity: 2G
 Pre-touch: Disabled
 Parallel Workers: 8
Heap:
 PSYoungGen      total 4096K, used 3113K [0x00000000d5580000, 0x00000000d5c80000, 0x0000000100000000)
  eden space 2048K, 58% used [0x00000000d5580000,0x00000000d56aa550,0x00000000d5780000)
  from space 2048K, 93% used [0x00000000d5a80000,0x00000000d5c60000,0x00000000d5c80000)
  to   space 2560K, 0% used [0x00000000d5780000,0x00000000d5780000,0x00000000d5a00000)
 ParOldGen       total 408576K, used 187668K [0x0000000080000000, 0x0000000098f00000, 0x00000000d5580000)
  object space 408576K, 45% used [0x0000000080000000,0x000000008b7450d8,0x0000000098f00000)
 Metaspace       used 62741K, committed 64192K, reserved 1114112K
  class space    used 6760K, committed 7360K, reserved 1048576K
GC Heap History (20 events):
Event: 44.724 GC heap after
{Heap after GC invocations=317 (full 3):
 PSYoungGen      total 4608K, used 736K [0x00000000d5580000, 0x00000000d5b80000, 0x0000000100000000)
  eden space 3584K, 0% used [0x00000000d5580000,0x00000000d5580000,0x00000000d5900000)
  from space 1024K, 71% used [0x00000000d5a80000,0x00000000d5b38020,0x00000000d5b80000)
  to   space 1024K, 0% used [0x00000000d5900000,0x00000000d5900000,0x00000000d5a00000)
 ParOldGen       total 408576K, used 178234K [0x0000000080000000, 0x0000000098f00000, 0x00000000d5580000)
  object space 408576K, 43% used [0x0000000080000000,0x000000008ae0e8e8,0x0000000098f00000)
 Metaspace       used 62484K, committed 63936K, reserved 1114112K
  class space    used 6758K, committed 7360K, reserved 1048576K
}
Event: 44.736 GC heap before
{Heap before GC invocations=318 (full 3):
 PSYoungGen      total 4608K, used 4320K [0x00000000d5580000, 0x00000000d5b80000, 0x0000000100000000)
  eden space 3584K, 100% used [0x00000000d5580000,0x00000000d5900000,0x00000000d5900000)
  from space 1024K, 71% used [0x00000000d5a80000,0x00000000d5b38020,0x00000000d5b80000)
  to   space 1024K, 0% used [0x00000000d5900000,0x00000000d5900000,0x00000000d5a00000)
 ParOldGen       total 408576K, used 178234K [0x0000000080000000, 0x0000000098f00000, 0x00000000d5580000)
  object space 408576K, 43% used [0x0000000080000000,0x000000008ae0e8e8,0x0000000098f00000)
 Metaspace       used 62489K, committed 63936K, reserved 1114112K
  class space    used 6758K, committed 7360K, reserved 1048576K
}
Event: 44.737 GC heap after
{Heap after GC invocations=318 (full 3):
 PSYoungGen      total 4608K, used 352K [0x00000000d5580000, 0x00000000d5b00000, 0x0000000100000000)
  eden space 3584K, 0% used [0x00000000d5580000,0x00000000d5580000,0x00000000d5900000)
  from space 1024K, 34% used [0x00000000d5900000,0x00000000d5958000,0x00000000d5a00000)
  to   space 512K, 0% used [0x00000000d5a80000,0x00000000d5a80000,0x00000000d5b00000)
 ParOldGen       total 408576K, used 178410K [0x0000000080000000, 0x0000000098f00000, 0x00000000d5580000)
  object space 408576K, 43% used [0x0000000080000000,0x000000008ae3a8e8,0x0000000098f00000)
 Metaspace       used 62489K, committed 63936K, reserved 1114112K
  class space    used 6758K, committed 7360K, reserved 1048576K
}
Event: 44.817 GC heap before
{Heap before GC invocations=319 (full 3):
 PSYoungGen      total 4608K, used 3936K [0x00000000d5580000, 0x00000000d5b00000, 0x0000000100000000)
  eden space 3584K, 100% used [0x00000000d5580000,0x00000000d5900000,0x00000000d5900000)
  from space 1024K, 34% used [0x00000000d5900000,0x00000000d5958000,0x00000000d5a00000)
  to   space 512K, 0% used [0x00000000d5a80000,0x00000000d5a80000,0x00000000d5b00000)
 ParOldGen       total 408576K, used 178410K [0x0000000080000000, 0x0000000098f00000, 0x00000000d5580000)
  object space 408576K, 43% used [0x0000000080000000,0x000000008ae3a8e8,0x0000000098f00000)
 Metaspace       used 62537K, committed 64000K, reserved 1114112K
  class space    used 6758K, committed 7360K, reserved 1048576K
}
Event: 44.818 GC heap after
{Heap after GC invocations=319 (full 3):
 PSYoungGen      total 4096K, used 256K [0x00000000d5580000, 0x00000000d5b00000, 0x0000000100000000)
  eden space 3584K, 0% used [0x00000000d5580000,0x00000000d5580000,0x00000000d5900000)
  from space 512K, 50% used [0x00000000d5a80000,0x00000000d5ac0000,0x00000000d5b00000)
  to   space 512K, 0% used [0x00000000d5a00000,0x00000000d5a00000,0x00000000d5a80000)
 ParOldGen       total 408576K, used 178577K [0x0000000080000000, 0x0000000098f00000, 0x00000000d5580000)
  object space 408576K, 43% used [0x0000000080000000,0x000000008ae64568,0x0000000098f00000)
 Metaspace       used 62537K, committed 64000K, reserved 1114112K
  class space    used 6758K, committed 7360K, reserved 1048576K
}
Event: 44.859 GC heap before
{Heap before GC invocations=320 (full 3):
 PSYoungGen      total 4096K, used 3840K [0x00000000d5580000, 0x00000000d5b00000, 0x0000000100000000)
  eden space 3584K, 100% used [0x00000000d5580000,0x00000000d5900000,0x00000000d5900000)
  from space 512K, 50% used [0x00000000d5a80000,0x00000000d5ac0000,0x00000000d5b00000)
  to   space 512K, 0% used [0x00000000d5a00000,0x00000000d5a00000,0x00000000d5a80000)
 ParOldGen       total 408576K, used 178577K [0x0000000080000000, 0x0000000098f00000, 0x00000000d5580000)
  object space 408576K, 43% used [0x0000000080000000,0x000000008ae64568,0x0000000098f00000)
 Metaspace       used 62556K, committed 64000K, reserved 1114112K
  class space    used 6758K, committed 7360K, reserved 1048576K
}
Event: 44.860 GC heap after
{Heap after GC invocations=320 (full 3):
 PSYoungGen      total 4096K, used 512K [0x00000000d5580000, 0x00000000d5b00000, 0x0000000100000000)
  eden space 3584K, 0% used [0x00000000d5580000,0x00000000d5580000,0x00000000d5900000)
  from space 512K, 100% used [0x00000000d5a00000,0x00000000d5a80000,0x00000000d5a80000)
  to   space 512K, 0% used [0x00000000d5a80000,0x00000000d5a80000,0x00000000d5b00000)
 ParOldGen       total 408576K, used 178713K [0x0000000080000000, 0x0000000098f00000, 0x00000000d5580000)
  object space 408576K, 43% used [0x0000000080000000,0x000000008ae86568,0x0000000098f00000)
 Metaspace       used 62556K, committed 64000K, reserved 1114112K
  class space    used 6758K, committed 7360K, reserved 1048576K
}
Event: 44.870 GC heap before
{Heap before GC invocations=321 (full 3):
 PSYoungGen      total 4096K, used 4096K [0x00000000d5580000, 0x00000000d5b00000, 0x0000000100000000)
  eden space 3584K, 100% used [0x00000000d5580000,0x00000000d5900000,0x00000000d5900000)
  from space 512K, 100% used [0x00000000d5a00000,0x00000000d5a80000,0x00000000d5a80000)
  to   space 512K, 0% used [0x00000000d5a80000,0x00000000d5a80000,0x00000000d5b00000)
 ParOldGen       total 408576K, used 178713K [0x0000000080000000, 0x0000000098f00000, 0x00000000d5580000)
  object space 408576K, 43% used [0x0000000080000000,0x000000008ae86568,0x0000000098f00000)
 Metaspace       used 62577K, committed 64000K, reserved 1114112K
  class space    used 6758K, committed 7360K, reserved 1048576K
}
Event: 44.871 GC heap after
{Heap after GC invocations=321 (full 3):
 PSYoungGen      total 4096K, used 416K [0x00000000d5580000, 0x00000000d5b00000, 0x0000000100000000)
  eden space 3584K, 0% used [0x00000000d5580000,0x00000000d5580000,0x00000000d5900000)
  from space 512K, 81% used [0x00000000d5a80000,0x00000000d5ae8020,0x00000000d5b00000)
  to   space 512K, 0% used [0x00000000d5a00000,0x00000000d5a00000,0x00000000d5a80000)
 ParOldGen       total 408576K, used 178985K [0x0000000080000000, 0x0000000098f00000, 0x00000000d5580000)
  object space 408576K, 43% used [0x0000000080000000,0x000000008aeca568,0x0000000098f00000)
 Metaspace       used 62577K, committed 64000K, reserved 1114112K
  class space    used 6758K, committed 7360K, reserved 1048576K
}
Event: 44.936 GC heap before
{Heap before GC invocations=322 (full 3):
 PSYoungGen      total 4096K, used 4000K [0x00000000d5580000, 0x00000000d5b00000, 0x0000000100000000)
  eden space 3584K, 100% used [0x00000000d5580000,0x00000000d5900000,0x00000000d5900000)
  from space 512K, 81% used [0x00000000d5a80000,0x00000000d5ae8020,0x00000000d5b00000)
  to   space 512K, 0% used [0x00000000d5a00000,0x00000000d5a00000,0x00000000d5a80000)
 ParOldGen       total 408576K, used 178985K [0x0000000080000000, 0x0000000098f00000, 0x00000000d5580000)
  object space 408576K, 43% used [0x0000000080000000,0x000000008aeca568,0x0000000098f00000)
 Metaspace       used 62592K, committed 64000K, reserved 1114112K
  class space    used 6758K, committed 7360K, reserved 1048576K
}
Event: 44.937 GC heap after
{Heap after GC invocations=322 (full 3):
 PSYoungGen      total 4096K, used 288K [0x00000000d5580000, 0x00000000d5b00000, 0x0000000100000000)
  eden space 3584K, 0% used [0x00000000d5580000,0x00000000d5580000,0x00000000d5900000)
  from space 512K, 56% used [0x00000000d5a00000,0x00000000d5a48000,0x00000000d5a80000)
  to   space 512K, 0% used [0x00000000d5a80000,0x00000000d5a80000,0x00000000d5b00000)
 ParOldGen       total 408576K, used 179101K [0x0000000080000000, 0x0000000098f00000, 0x00000000d5580000)
  object space 408576K, 43% used [0x0000000080000000,0x000000008aee7578,0x0000000098f00000)
 Metaspace       used 62592K, committed 64000K, reserved 1114112K
  class space    used 6758K, committed 7360K, reserved 1048576K
}
Event: 44.975 GC heap before
{Heap before GC invocations=323 (full 3):
 PSYoungGen      total 4096K, used 3872K [0x00000000d5580000, 0x00000000d5b00000, 0x0000000100000000)
  eden space 3584K, 100% used [0x00000000d5580000,0x00000000d5900000,0x00000000d5900000)
  from space 512K, 56% used [0x00000000d5a00000,0x00000000d5a48000,0x00000000d5a80000)
  to   space 512K, 0% used [0x00000000d5a80000,0x00000000d5a80000,0x00000000d5b00000)
 ParOldGen       total 408576K, used 179101K [0x0000000080000000, 0x0000000098f00000, 0x00000000d5580000)
  object space 408576K, 43% used [0x0000000080000000,0x000000008aee7578,0x0000000098f00000)
 Metaspace       used 62623K, committed 64064K, reserved 1114112K
  class space    used 6758K, committed 7360K, reserved 1048576K
}
Event: 44.976 GC heap after
{Heap after GC invocations=323 (full 3):
 PSYoungGen      total 4096K, used 496K [0x00000000d5580000, 0x00000000d5b00000, 0x0000000100000000)
  eden space 3584K, 0% used [0x00000000d5580000,0x00000000d5580000,0x00000000d5900000)
  from space 512K, 96% used [0x00000000d5a80000,0x00000000d5afc010,0x00000000d5b00000)
  to   space 1024K, 0% used [0x00000000d5900000,0x00000000d5900000,0x00000000d5a00000)
 ParOldGen       total 408576K, used 179229K [0x0000000080000000, 0x0000000098f00000, 0x00000000d5580000)
  object space 408576K, 43% used [0x0000000080000000,0x000000008af07578,0x0000000098f00000)
 Metaspace       used 62623K, committed 64064K, reserved 1114112K
  class space    used 6758K, committed 7360K, reserved 1048576K
}
Event: 44.986 GC heap before
{Heap before GC invocations=324 (full 3):
 PSYoungGen      total 4096K, used 4080K [0x00000000d5580000, 0x00000000d5b00000, 0x0000000100000000)
  eden space 3584K, 99% used [0x00000000d5580000,0x00000000d58ffff0,0x00000000d5900000)
  from space 512K, 96% used [0x00000000d5a80000,0x00000000d5afc010,0x00000000d5b00000)
  to   space 1024K, 0% used [0x00000000d5900000,0x00000000d5900000,0x00000000d5a00000)
 ParOldGen       total 408576K, used 179229K [0x0000000080000000, 0x0000000098f00000, 0x00000000d5580000)
  object space 408576K, 43% used [0x0000000080000000,0x000000008af07578,0x0000000098f00000)
 Metaspace       used 62634K, committed 64064K, reserved 1114112K
  class space    used 6759K, committed 7360K, reserved 1048576K
}
Event: 44.987 GC heap after
{Heap after GC invocations=324 (full 3):
 PSYoungGen      total 4608K, used 416K [0x00000000d5580000, 0x00000000d5b00000, 0x0000000100000000)
  eden space 3584K, 0% used [0x00000000d5580000,0x00000000d5580000,0x00000000d5900000)
  from space 1024K, 40% used [0x00000000d5900000,0x00000000d5968020,0x00000000d5a00000)
  to   space 512K, 0% used [0x00000000d5a80000,0x00000000d5a80000,0x00000000d5b00000)
 ParOldGen       total 408576K, used 179517K [0x0000000080000000, 0x0000000098f00000, 0x00000000d5580000)
  object space 408576K, 43% used [0x0000000080000000,0x000000008af4f578,0x0000000098f00000)
 Metaspace       used 62634K, committed 64064K, reserved 1114112K
  class space    used 6759K, committed 7360K, reserved 1048576K
}
Event: 45.069 GC heap before
{Heap before GC invocations=325 (full 3):
 PSYoungGen      total 4608K, used 4000K [0x00000000d5580000, 0x00000000d5b00000, 0x0000000100000000)
  eden space 3584K, 100% used [0x00000000d5580000,0x00000000d5900000,0x00000000d5900000)
  from space 1024K, 40% used [0x00000000d5900000,0x00000000d5968020,0x00000000d5a00000)
  to   space 512K, 0% used [0x00000000d5a80000,0x00000000d5a80000,0x00000000d5b00000)
 ParOldGen       total 408576K, used 179517K [0x0000000080000000, 0x0000000098f00000, 0x00000000d5580000)
  object space 408576K, 43% used [0x0000000080000000,0x000000008af4f578,0x0000000098f00000)
 Metaspace       used 62729K, committed 64192K, reserved 1114112K
  class space    used 6760K, committed 7360K, reserved 1048576K
}
Event: 45.071 GC heap after
{Heap after GC invocations=325 (full 3):
 PSYoungGen      total 4096K, used 374K [0x00000000d5580000, 0x00000000d5b00000, 0x0000000100000000)
  eden space 3584K, 0% used [0x00000000d5580000,0x00000000d5580000,0x00000000d5900000)
  from space 512K, 73% used [0x00000000d5a80000,0x00000000d5addb00,0x00000000d5b00000)
  to   space 512K, 0% used [0x00000000d5a00000,0x00000000d5a00000,0x00000000d5a80000)
 ParOldGen       total 408576K, used 179621K [0x0000000080000000, 0x0000000098f00000, 0x00000000d5580000)
  object space 408576K, 43% used [0x0000000080000000,0x000000008af69578,0x0000000098f00000)
 Metaspace       used 62729K, committed 64192K, reserved 1114112K
  class space    used 6760K, committed 7360K, reserved 1048576K
}
Event: 45.095 GC heap before
{Heap before GC invocations=326 (full 3):
 PSYoungGen      total 4096K, used 3940K [0x00000000d5580000, 0x00000000d5b00000, 0x0000000100000000)
  eden space 3584K, 99% used [0x00000000d5580000,0x00000000d58fb8a8,0x00000000d5900000)
  from space 512K, 73% used [0x00000000d5a80000,0x00000000d5addb00,0x00000000d5b00000)
  to   space 512K, 0% used [0x00000000d5a00000,0x00000000d5a00000,0x00000000d5a80000)
 ParOldGen       total 408576K, used 179621K [0x0000000080000000, 0x0000000098f00000, 0x00000000d5580000)
  object space 408576K, 43% used [0x0000000080000000,0x000000008af69578,0x0000000098f00000)
 Metaspace       used 62740K, committed 64192K, reserved 1114112K
  class space    used 6760K, committed 7360K, reserved 1048576K
}
Event: 45.097 GC heap after
{Heap after GC invocations=326 (full 3):
 PSYoungGen      total 4096K, used 492K [0x00000000d5580000, 0x00000000d5f00000, 0x0000000100000000)
  eden space 3584K, 0% used [0x00000000d5580000,0x00000000d5580000,0x00000000d5900000)
  from space 512K, 96% used [0x00000000d5a00000,0x00000000d5a7b000,0x00000000d5a80000)
  to   space 3072K, 0% used [0x00000000d5c00000,0x00000000d5c00000,0x00000000d5f00000)
 ParOldGen       total 408576K, used 181529K [0x0000000080000000, 0x0000000098f00000, 0x00000000d5580000)
  object space 408576K, 44% used [0x0000000080000000,0x000000008b146588,0x0000000098f00000)
 Metaspace       used 62740K, committed 64192K, reserved 1114112K
  class space    used 6760K, committed 7360K, reserved 1048576K
}
Event: 45.177 GC heap before
{Heap before GC invocations=327 (full 3):
 PSYoungGen      total 4096K, used 4076K [0x00000000d5580000, 0x00000000d5f00000, 0x0000000100000000)
  eden space 3584K, 100% used [0x00000000d5580000,0x00000000d5900000,0x00000000d5900000)
  from space 512K, 96% used [0x00000000d5a00000,0x00000000d5a7b000,0x00000000d5a80000)
  to   space 3072K, 0% used [0x00000000d5c00000,0x00000000d5c00000,0x00000000d5f00000)
 ParOldGen       total 408576K, used 181529K [0x0000000080000000, 0x0000000098f00000, 0x00000000d5580000)
  object space 408576K, 44% used [0x0000000080000000,0x000000008b146588,0x0000000098f00000)
 Metaspace       used 62740K, committed 64192K, reserved 1114112K
  class space    used 6760K, committed 7360K, reserved 1048576K
}

