# JRE version: OpenJDK Runtime Environment Temurin-21.0.9+10 (21.0.9+10) (build 21.0.9+10-LTS)
# Java VM: OpenJDK 64-Bit Server VM Temurin-21.0.9+10 (21.0.9+10-LTS, mixed mode, sharing, tiered, compressed oops, compressed class ptrs, parallel gc, windows-amd64)
GC Precious Log:
 CardTable entry size: 512
 CPUs: 8 total, 8 available
 Memory: 16217M
 Large Page Support: Disabled
 NUMA Support: Disabled
 Compressed Oops: Enabled (32-bit)
 Alignments: Space 512K, Generation 512K, Heap 2M
 Heap Min Capacity: 100M
 Heap Initial Capacity: 100M
 Heap Max Capacity: 2G
 Pre-touch: Disabled
 Parallel Workers: 8
Heap:
 PSYoungGen      total 20480K, used 17648K [0x00000000d5580000, 0x00000000d6c00000, 0x0000000100000000)
  eden space 19456K, 86% used [0x00000000d5580000,0x00000000d65fc290,0x00000000d6880000)
  from space 1024K, 75% used [0x00000000d6880000,0x00000000d6940020,0x00000000d6980000)
  to   space 1536K, 0% used [0x00000000d6a80000,0x00000000d6a80000,0x00000000d6c00000)
 ParOldGen       total 68608K, used 44124K [0x0000000080000000, 0x0000000084300000, 0x00000000d5580000)
  object space 68608K, 64% used [0x0000000080000000,0x0000000082b17370,0x0000000084300000)
 Metaspace       used 61611K, committed 63040K, reserved 1114112K
  class space    used 6629K, committed 7296K, reserved 1048576K
GC Heap History (20 events):
Event: 13.714 GC heap before
{Heap before GC invocations=33 (full 2):
 PSYoungGen      total 22528K, used 22280K [0x00000000d5580000, 0x00000000d6d80000, 0x0000000100000000)
  eden space 21504K, 100% used [0x00000000d5580000,0x00000000d6a80000,0x00000000d6a80000)
  from space 1024K, 75% used [0x00000000d6c80000,0x00000000d6d42000,0x00000000d6d80000)
  to   space 1024K, 0% used [0x00000000d6b80000,0x00000000d6b80000,0x00000000d6c80000)
 ParOldGen       total 68608K, used 42321K [0x0000000080000000, 0x0000000084300000, 0x00000000d5580000)
  object space 68608K, 61% used [0x0000000080000000,0x0000000082954530,0x0000000084300000)
 Metaspace       used 52236K, committed 53632K, reserved 1114112K
  class space    used 5731K, committed 6336K, reserved 1048576K
}
Event: 13.715 GC heap after
{Heap after GC invocations=33 (full 2):
 PSYoungGen      total 22528K, used 544K [0x00000000d5580000, 0x00000000d6d00000, 0x0000000100000000)
  eden space 21504K, 0% used [0x00000000d5580000,0x00000000d5580000,0x00000000d6a80000)
  from space 1024K, 53% used [0x00000000d6b80000,0x00000000d6c08000,0x00000000d6c80000)
  to   space 512K, 0% used [0x00000000d6c80000,0x00000000d6c80000,0x00000000d6d00000)
 ParOldGen       total 68608K, used 42849K [0x0000000080000000, 0x0000000084300000, 0x00000000d5580000)
  object space 68608K, 62% used [0x0000000080000000,0x00000000829d8530,0x0000000084300000)
 Metaspace       used 52236K, committed 53632K, reserved 1114112K
  class space    used 5731K, committed 6336K, reserved 1048576K
}
Event: 13.954 GC heap before
{Heap before GC invocations=34 (full 2):
 PSYoungGen      total 22528K, used 22048K [0x00000000d5580000, 0x00000000d6d00000, 0x0000000100000000)
  eden space 21504K, 100% used [0x00000000d5580000,0x00000000d6a80000,0x00000000d6a80000)
  from space 1024K, 53% used [0x00000000d6b80000,0x00000000d6c08000,0x00000000d6c80000)
  to   space 512K, 0% used [0x00000000d6c80000,0x00000000d6c80000,0x00000000d6d00000)
 ParOldGen       total 68608K, used 42849K [0x0000000080000000, 0x0000000084300000, 0x00000000d5580000)
  object space 68608K, 62% used [0x0000000080000000,0x00000000829d8530,0x0000000084300000)
 Metaspace       used 53996K, committed 55424K, reserved 1114112K
  class space    used 5982K, committed 6592K, reserved 1048576K
}
Event: 13.955 GC heap after
{Heap after GC invocations=34 (full 2):
 PSYoungGen      total 22016K, used 496K [0x00000000d5580000, 0x00000000d6d80000, 0x0000000100000000)
  eden space 21504K, 0% used [0x00000000d5580000,0x00000000d5580000,0x00000000d6a80000)
  from space 512K, 96% used [0x00000000d6c80000,0x00000000d6cfc170,0x00000000d6d00000)
  to   space 1536K, 0% used [0x00000000d6a80000,0x00000000d6a80000,0x00000000d6c00000)
 ParOldGen       total 68608K, used 43431K [0x0000000080000000, 0x0000000084300000, 0x00000000d5580000)
  object space 68608K, 63% used [0x0000000080000000,0x0000000082a69e98,0x0000000084300000)
 Metaspace       used 53996K, committed 55424K, reserved 1114112K
  class space    used 5982K, committed 6592K, reserved 1048576K
}
Event: 14.168 GC heap before
{Heap before GC invocations=35 (full 2):
 PSYoungGen      total 22016K, used 21977K [0x00000000d5580000, 0x00000000d6d80000, 0x0000000100000000)
  eden space 21504K, 99% used [0x00000000d5580000,0x00000000d6a7a3a8,0x00000000d6a80000)
  from space 512K, 96% used [0x00000000d6c80000,0x00000000d6cfc170,0x00000000d6d00000)
  to   space 1536K, 0% used [0x00000000d6a80000,0x00000000d6a80000,0x00000000d6c00000)
 ParOldGen       total 68608K, used 43431K [0x0000000080000000, 0x0000000084300000, 0x00000000d5580000)
  object space 68608K, 63% used [0x0000000080000000,0x0000000082a69e98,0x0000000084300000)
 Metaspace       used 55689K, committed 57024K, reserved 1114112K
  class space    used 6130K, committed 6720K, reserved 1048576K
}
Event: 14.169 GC heap after
{Heap after GC invocations=35 (full 2):
 PSYoungGen      total 23040K, used 480K [0x00000000d5580000, 0x00000000d6d00000, 0x0000000100000000)
  eden space 21504K, 0% used [0x00000000d5580000,0x00000000d5580000,0x00000000d6a80000)
  from space 1536K, 31% used [0x00000000d6a80000,0x00000000d6af8000,0x00000000d6c00000)
  to   space 1024K, 0% used [0x00000000d6c00000,0x00000000d6c00000,0x00000000d6d00000)
 ParOldGen       total 68608K, used 43867K [0x0000000080000000, 0x0000000084300000, 0x00000000d5580000)
  object space 68608K, 63% used [0x0000000080000000,0x0000000082ad6e78,0x0000000084300000)
 Metaspace       used 55689K, committed 57024K, reserved 1114112K
  class space    used 6130K, committed 6720K, reserved 1048576K
}
Event: 14.286 GC heap before
{Heap before GC invocations=36 (full 2):
 PSYoungGen      total 23040K, used 21947K [0x00000000d5580000, 0x00000000d6d00000, 0x0000000100000000)
  eden space 21504K, 99% used [0x00000000d5580000,0x00000000d6a76d78,0x00000000d6a80000)
  from space 1536K, 31% used [0x00000000d6a80000,0x00000000d6af8000,0x00000000d6c00000)
  to   space 1024K, 0% used [0x00000000d6c00000,0x00000000d6c00000,0x00000000d6d00000)
 ParOldGen       total 68608K, used 43867K [0x0000000080000000, 0x0000000084300000, 0x00000000d5580000)
  object space 68608K, 63% used [0x0000000080000000,0x0000000082ad6e78,0x0000000084300000)
 Metaspace       used 56694K, committed 58112K, reserved 1114112K
  class space    used 6200K, committed 6784K, reserved 1048576K
}
Event: 14.287 GC heap after
{Heap after GC invocations=36 (full 2):
 PSYoungGen      total 22528K, used 871K [0x00000000d5580000, 0x00000000d6d00000, 0x0000000100000000)
  eden space 21504K, 0% used [0x00000000d5580000,0x00000000d5580000,0x00000000d6a80000)
  from space 1024K, 85% used [0x00000000d6c00000,0x00000000d6cd9e88,0x00000000d6d00000)
  to   space 1024K, 0% used [0x00000000d6b00000,0x00000000d6b00000,0x00000000d6c00000)
 ParOldGen       total 68608K, used 44434K [0x0000000080000000, 0x0000000084300000, 0x00000000d5580000)
  object space 68608K, 64% used [0x0000000080000000,0x0000000082b649f0,0x0000000084300000)
 Metaspace       used 56694K, committed 58112K, reserved 1114112K
  class space    used 6200K, committed 6784K, reserved 1048576K
}
Event: 14.343 GC heap before
{Heap before GC invocations=37 (full 2):
 PSYoungGen      total 22528K, used 22375K [0x00000000d5580000, 0x00000000d6d00000, 0x0000000100000000)
  eden space 21504K, 100% used [0x00000000d5580000,0x00000000d6a80000,0x00000000d6a80000)
  from space 1024K, 85% used [0x00000000d6c00000,0x00000000d6cd9e88,0x00000000d6d00000)
  to   space 1024K, 0% used [0x00000000d6b00000,0x00000000d6b00000,0x00000000d6c00000)
 ParOldGen       total 68608K, used 44434K [0x0000000080000000, 0x0000000084300000, 0x00000000d5580000)
  object space 68608K, 64% used [0x0000000080000000,0x0000000082b649f0,0x0000000084300000)
 Metaspace       used 57135K, committed 58496K, reserved 1114112K
  class space    used 6232K, committed 6784K, reserved 1048576K
}
Event: 14.344 GC heap after
{Heap after GC invocations=37 (full 2):
 PSYoungGen      total 22528K, used 192K [0x00000000d5580000, 0x00000000d6c80000, 0x0000000100000000)
  eden space 21504K, 0% used [0x00000000d5580000,0x00000000d5580000,0x00000000d6a80000)
  from space 1024K, 18% used [0x00000000d6b00000,0x00000000d6b30000,0x00000000d6c00000)
  to   space 512K, 0% used [0x00000000d6c00000,0x00000000d6c00000,0x00000000d6c80000)
 ParOldGen       total 68608K, used 44674K [0x0000000080000000, 0x0000000084300000, 0x00000000d5580000)
  object space 68608K, 65% used [0x0000000080000000,0x0000000082ba09f0,0x0000000084300000)
 Metaspace       used 57135K, committed 58496K, reserved 1114112K
  class space    used 6232K, committed 6784K, reserved 1048576K
}
Event: 20.051 GC heap before
{Heap before GC invocations=38 (full 2):
 PSYoungGen      total 22528K, used 9752K [0x00000000d5580000, 0x00000000d6c80000, 0x0000000100000000)
  eden space 21504K, 44% used [0x00000000d5580000,0x00000000d5ed63b8,0x00000000d6a80000)
  from space 1024K, 18% used [0x00000000d6b00000,0x00000000d6b30000,0x00000000d6c00000)
  to   space 512K, 0% used [0x00000000d6c00000,0x00000000d6c00000,0x00000000d6c80000)
 ParOldGen       total 68608K, used 44674K [0x0000000080000000, 0x0000000084300000, 0x00000000d5580000)
  object space 68608K, 65% used [0x0000000080000000,0x0000000082ba09f0,0x0000000084300000)
 Metaspace       used 58383K, committed 59776K, reserved 1114112K
  class space    used 6370K, committed 6976K, reserved 1048576K
}
Event: 20.053 GC heap after
{Heap after GC invocations=38 (full 2):
 PSYoungGen      total 22016K, used 505K [0x00000000d5580000, 0x00000000d6c80000, 0x0000000100000000)
  eden space 21504K, 0% used [0x00000000d5580000,0x00000000d5580000,0x00000000d6a80000)
  from space 512K, 98% used [0x00000000d6c00000,0x00000000d6c7e490,0x00000000d6c80000)
  to   space 1024K, 0% used [0x00000000d6a80000,0x00000000d6a80000,0x00000000d6b80000)
 ParOldGen       total 68608K, used 44778K [0x0000000080000000, 0x0000000084300000, 0x00000000d5580000)
  object space 68608K, 65% used [0x0000000080000000,0x0000000082bba9f0,0x0000000084300000)
 Metaspace       used 58383K, committed 59776K, reserved 1114112K
  class space    used 6370K, committed 6976K, reserved 1048576K
}
Event: 20.053 GC heap before
{Heap before GC invocations=39 (full 3):
 PSYoungGen      total 22016K, used 505K [0x00000000d5580000, 0x00000000d6c80000, 0x0000000100000000)
  eden space 21504K, 0% used [0x00000000d5580000,0x00000000d5580000,0x00000000d6a80000)
  from space 512K, 98% used [0x00000000d6c00000,0x00000000d6c7e490,0x00000000d6c80000)
  to   space 1024K, 0% used [0x00000000d6a80000,0x00000000d6a80000,0x00000000d6b80000)
 ParOldGen       total 68608K, used 44778K [0x0000000080000000, 0x0000000084300000, 0x00000000d5580000)
  object space 68608K, 65% used [0x0000000080000000,0x0000000082bba9f0,0x0000000084300000)
 Metaspace       used 58383K, committed 59776K, reserved 1114112K
  class space    used 6370K, committed 6976K, reserved 1048576K
}
Event: 20.116 GC heap after
{Heap after GC invocations=39 (full 3):
 PSYoungGen      total 22016K, used 0K [0x00000000d5580000, 0x00000000d6c80000, 0x0000000100000000)
  eden space 21504K, 0% used [0x00000000d5580000,0x00000000d5580000,0x00000000d6a80000)
  from space 512K, 0% used [0x00000000d6c00000,0x00000000d6c00000,0x00000000d6c80000)
  to   space 1024K, 0% used [0x00000000d6a80000,0x00000000d6a80000,0x00000000d6b80000)
 ParOldGen       total 68608K, used 42024K [0x0000000080000000, 0x0000000084300000, 0x00000000d5580000)
  object space 68608K, 61% used [0x0000000080000000,0x000000008290a1e8,0x0000000084300000)
 Metaspace       used 58382K, committed 59776K, reserved 1114112K
  class space    used 6369K, committed 6976K, reserved 1048576K
}
Event: 20.317 GC heap before
{Heap before GC invocations=40 (full 3):
 PSYoungGen      total 22016K, used 21504K [0x00000000d5580000, 0x00000000d6c80000, 0x0000000100000000)
  eden space 21504K, 100% used [0x00000000d5580000,0x00000000d6a80000,0x00000000d6a80000)
  from space 512K, 0% used [0x00000000d6c00000,0x00000000d6c00000,0x00000000d6c80000)
  to   space 1024K, 0% used [0x00000000d6a80000,0x00000000d6a80000,0x00000000d6b80000)
 ParOldGen       total 68608K, used 42024K [0x0000000080000000, 0x0000000084300000, 0x00000000d5580000)
  object space 68608K, 61% used [0x0000000080000000,0x000000008290a1e8,0x0000000084300000)
 Metaspace       used 59203K, committed 60608K, reserved 1114112K
  class space    used 6449K, committed 7040K, reserved 1048576K
}
Event: 20.319 GC heap after
{Heap after GC invocations=40 (full 3):
 PSYoungGen      total 22528K, used 874K [0x00000000d5580000, 0x00000000d6c80000, 0x0000000100000000)
  eden space 21504K, 0% used [0x00000000d5580000,0x00000000d5580000,0x00000000d6a80000)
  from space 1024K, 85% used [0x00000000d6a80000,0x00000000d6b5ab08,0x00000000d6b80000)
  to   space 1024K, 0% used [0x00000000d6b80000,0x00000000d6b80000,0x00000000d6c80000)
 ParOldGen       total 68608K, used 42032K [0x0000000080000000, 0x0000000084300000, 0x00000000d5580000)
  object space 68608K, 61% used [0x0000000080000000,0x000000008290c1e8,0x0000000084300000)
 Metaspace       used 59203K, committed 60608K, reserved 1114112K
  class space    used 6449K, committed 7040K, reserved 1048576K
}
Event: 37.439 GC heap before
{Heap before GC invocations=41 (full 3):
 PSYoungGen      total 22528K, used 22378K [0x00000000d5580000, 0x00000000d6c80000, 0x0000000100000000)
  eden space 21504K, 100% used [0x00000000d5580000,0x00000000d6a80000,0x00000000d6a80000)
  from space 1024K, 85% used [0x00000000d6a80000,0x00000000d6b5ab08,0x00000000d6b80000)
  to   space 1024K, 0% used [0x00000000d6b80000,0x00000000d6b80000,0x00000000d6c80000)
 ParOldGen       total 68608K, used 42032K [0x0000000080000000, 0x0000000084300000, 0x00000000d5580000)
  object space 68608K, 61% used [0x0000000080000000,0x000000008290c1e8,0x0000000084300000)
 Metaspace       used 60234K, committed 61632K, reserved 1114112K
  class space    used 6559K, committed 7168K, reserved 1048576K
}
Event: 37.443 GC heap after
{Heap after GC invocations=41 (full 3):
 PSYoungGen      total 20480K, used 1018K [0x00000000d5580000, 0x00000000d7080000, 0x0000000100000000)
  eden space 19456K, 0% used [0x00000000d5580000,0x00000000d5580000,0x00000000d6880000)
  from space 1024K, 99% used [0x00000000d6b80000,0x00000000d6c7e8d8,0x00000000d6c80000)
  to   space 3072K, 0% used [0x00000000d6880000,0x00000000d6880000,0x00000000d6b80000)
 ParOldGen       total 68608K, used 43552K [0x0000000080000000, 0x0000000084300000, 0x00000000d5580000)
  object space 68608K, 63% used [0x0000000080000000,0x0000000082a881e8,0x0000000084300000)
 Metaspace       used 60234K, committed 61632K, reserved 1114112K
  class space    used 6559K, committed 7168K, reserved 1048576K
}
Event: 68.747 GC heap before
{Heap before GC invocations=42 (full 3):
 PSYoungGen      total 20480K, used 20474K [0x00000000d5580000, 0x00000000d7080000, 0x0000000100000000)
  eden space 19456K, 100% used [0x00000000d5580000,0x00000000d6880000,0x00000000d6880000)
  from space 1024K, 99% used [0x00000000d6b80000,0x00000000d6c7e8d8,0x00000000d6c80000)
  to   space 3072K, 0% used [0x00000000d6880000,0x00000000d6880000,0x00000000d6b80000)
 ParOldGen       total 68608K, used 43552K [0x0000000080000000, 0x0000000084300000, 0x00000000d5580000)
  object space 68608K, 63% used [0x0000000080000000,0x0000000082a881e8,0x0000000084300000)
 Metaspace       used 60662K, committed 62144K, reserved 1114112K
  class space    used 6569K, committed 7168K, reserved 1048576K
}
Event: 68.749 GC heap after
{Heap after GC invocations=42 (full 3):
 PSYoungGen      total 20480K, used 768K [0x00000000d5580000, 0x00000000d6c00000, 0x0000000100000000)
  eden space 19456K, 0% used [0x00000000d5580000,0x00000000d5580000,0x00000000d6880000)
  from space 1024K, 75% used [0x00000000d6880000,0x00000000d6940020,0x00000000d6980000)
  to   space 1536K, 0% used [0x00000000d6a80000,0x00000000d6a80000,0x00000000d6c00000)
 ParOldGen       total 68608K, used 44124K [0x0000000080000000, 0x0000000084300000, 0x00000000d5580000)
  object space 68608K, 64% used [0x0000000080000000,0x0000000082b17370,0x0000000084300000)
 Metaspace       used 60662K, committed 62144K, reserved 1114112K
  class space    used 6569K, committed 7168K, reserved 1048576K
}

