# JRE version: OpenJDK Runtime Environment Temurin-21.0.9+10 (21.0.9+10) (build 21.0.9+10-LTS)
# Java VM: OpenJDK 64-Bit Server VM Temurin-21.0.9+10 (21.0.9+10-LTS, mixed mode, sharing, tiered, compressed oops, compressed class ptrs, parallel gc, windows-amd64)
GC Precious Log:
 CardTable entry size: 512
 CPUs: 8 total, 8 available
 Memory: 16217M
 Large Page Support: Disabled
 NUMA Support: Disabled
 Compressed Oops: Enabled (32-bit)
 Alignments: Space 512K, Generation 512K, Heap 2M
 Heap Min Capacity: 100M
 Heap Initial Capacity: 100M
 Heap Max Capacity: 2G
 Pre-touch: Disabled
 Parallel Workers: 8
Heap:
 PSYoungGen      total 5120K, used 512K [0x00000000d5580000, 0x00000000d5e80000, 0x0000000100000000)
  eden space 4608K, 0% used [0x00000000d5580000,0x00000000d5580000,0x00000000d5a00000)
  from space 512K, 100% used [0x00000000d5c00000,0x00000000d5c80000,0x00000000d5c80000)
  to   space 2048K, 0% used [0x00000000d5a00000,0x00000000d5a00000,0x00000000d5c00000)
 ParOldGen       total 529920K, used 529794K [0x0000000080000000, 0x00000000a0580000, 0x00000000d5580000)
  object space 529920K, 99% used [0x0000000080000000,0x00000000a0560840,0x00000000a0580000)
 Metaspace       used 74524K, committed 75968K, reserved 1179648K
  class space    used 7966K, committed 8640K, reserved 1048576K
GC Heap History (20 events):
Event: 671.157 GC heap after
{Heap after GC invocations=815 (full 3):
 PSYoungGen      total 6656K, used 585K [0x00000000d5580000, 0x00000000d5d00000, 0x0000000100000000)
  eden space 5120K, 0% used [0x00000000d5580000,0x00000000d5580000,0x00000000d5a80000)
  from space 1536K, 38% used [0x00000000d5b80000,0x00000000d5c127d8,0x00000000d5d00000)
  to   space 1024K, 0% used [0x00000000d5a80000,0x00000000d5a80000,0x00000000d5b80000)
 ParOldGen       total 521216K, used 520868K [0x0000000080000000, 0x000000009fd00000, 0x00000000d5580000)
  object space 521216K, 99% used [0x0000000080000000,0x000000009fca9320,0x000000009fd00000)
 Metaspace       used 73183K, committed 74688K, reserved 1179648K
  class space    used 7856K, committed 8512K, reserved 1048576K
}
Event: 671.164 GC heap before
{Heap before GC invocations=816 (full 3):
 PSYoungGen      total 6656K, used 5705K [0x00000000d5580000, 0x00000000d5d00000, 0x0000000100000000)
  eden space 5120K, 100% used [0x00000000d5580000,0x00000000d5a80000,0x00000000d5a80000)
  from space 1536K, 38% used [0x00000000d5b80000,0x00000000d5c127d8,0x00000000d5d00000)
  to   space 1024K, 0% used [0x00000000d5a80000,0x00000000d5a80000,0x00000000d5b80000)
 ParOldGen       total 521216K, used 520868K [0x0000000080000000, 0x000000009fd00000, 0x00000000d5580000)
  object space 521216K, 99% used [0x0000000080000000,0x000000009fca9320,0x000000009fd00000)
 Metaspace       used 73186K, committed 74688K, reserved 1179648K
  class space    used 7856K, committed 8512K, reserved 1048576K
}
Event: 671.165 GC heap after
{Heap after GC invocations=816 (full 3):
 PSYoungGen      total 6144K, used 1023K [0x00000000d5580000, 0x00000000d5d80000, 0x0000000100000000)
  eden space 5120K, 0% used [0x00000000d5580000,0x00000000d5580000,0x00000000d5a80000)
  from space 1024K, 99% used [0x00000000d5a80000,0x00000000d5b7fe68,0x00000000d5b80000)
  to   space 1536K, 0% used [0x00000000d5c00000,0x00000000d5c00000,0x00000000d5d80000)
 ParOldGen       total 521216K, used 520940K [0x0000000080000000, 0x000000009fd00000, 0x00000000d5580000)
  object space 521216K, 99% used [0x0000000080000000,0x000000009fcbb320,0x000000009fd00000)
 Metaspace       used 73186K, committed 74688K, reserved 1179648K
  class space    used 7856K, committed 8512K, reserved 1048576K
}
Event: 671.186 GC heap before
{Heap before GC invocations=817 (full 3):
 PSYoungGen      total 6144K, used 6143K [0x00000000d5580000, 0x00000000d5d80000, 0x0000000100000000)
  eden space 5120K, 100% used [0x00000000d5580000,0x00000000d5a80000,0x00000000d5a80000)
  from space 1024K, 99% used [0x00000000d5a80000,0x00000000d5b7fe68,0x00000000d5b80000)
  to   space 1536K, 0% used [0x00000000d5c00000,0x00000000d5c00000,0x00000000d5d80000)
 ParOldGen       total 521216K, used 520940K [0x0000000080000000, 0x000000009fd00000, 0x00000000d5580000)
  object space 521216K, 99% used [0x0000000080000000,0x000000009fcbb320,0x000000009fd00000)
 Metaspace       used 73356K, committed 74816K, reserved 1179648K
  class space    used 7859K, committed 8512K, reserved 1048576K
}
Event: 671.187 GC heap after
{Heap after GC invocations=817 (full 3):
 PSYoungGen      total 5632K, used 346K [0x00000000d5580000, 0x00000000d5c80000, 0x0000000100000000)
  eden space 5120K, 0% used [0x00000000d5580000,0x00000000d5580000,0x00000000d5a80000)
  from space 512K, 67% used [0x00000000d5c00000,0x00000000d5c569f8,0x00000000d5c80000)
  to   space 1024K, 0% used [0x00000000d5a80000,0x00000000d5a80000,0x00000000d5b80000)
 ParOldGen       total 521216K, used 521044K [0x0000000080000000, 0x000000009fd00000, 0x00000000d5580000)
  object space 521216K, 99% used [0x0000000080000000,0x000000009fcd5320,0x000000009fd00000)
 Metaspace       used 73356K, committed 74816K, reserved 1179648K
  class space    used 7859K, committed 8512K, reserved 1048576K
}
Event: 671.197 GC heap before
{Heap before GC invocations=818 (full 3):
 PSYoungGen      total 5632K, used 5466K [0x00000000d5580000, 0x00000000d5c80000, 0x0000000100000000)
  eden space 5120K, 100% used [0x00000000d5580000,0x00000000d5a80000,0x00000000d5a80000)
  from space 512K, 67% used [0x00000000d5c00000,0x00000000d5c569f8,0x00000000d5c80000)
  to   space 1024K, 0% used [0x00000000d5a80000,0x00000000d5a80000,0x00000000d5b80000)
 ParOldGen       total 521216K, used 521044K [0x0000000080000000, 0x000000009fd00000, 0x00000000d5580000)
  object space 521216K, 99% used [0x0000000080000000,0x000000009fcd5320,0x000000009fd00000)
 Metaspace       used 73421K, committed 74944K, reserved 1179648K
  class space    used 7866K, committed 8576K, reserved 1048576K
}
Event: 671.198 GC heap after
{Heap after GC invocations=818 (full 3):
 PSYoungGen      total 6144K, used 256K [0x00000000d5580000, 0x00000000d5c80000, 0x0000000100000000)
  eden space 5120K, 0% used [0x00000000d5580000,0x00000000d5580000,0x00000000d5a80000)
  from space 1024K, 25% used [0x00000000d5a80000,0x00000000d5ac0000,0x00000000d5b80000)
  to   space 512K, 0% used [0x00000000d5c00000,0x00000000d5c00000,0x00000000d5c80000)
 ParOldGen       total 521216K, used 521100K [0x0000000080000000, 0x000000009fd00000, 0x00000000d5580000)
  object space 521216K, 99% used [0x0000000080000000,0x000000009fce3320,0x000000009fd00000)
 Metaspace       used 73421K, committed 74944K, reserved 1179648K
  class space    used 7866K, committed 8576K, reserved 1048576K
}
Event: 671.219 GC heap before
{Heap before GC invocations=819 (full 3):
 PSYoungGen      total 6144K, used 5376K [0x00000000d5580000, 0x00000000d5c80000, 0x0000000100000000)
  eden space 5120K, 100% used [0x00000000d5580000,0x00000000d5a80000,0x00000000d5a80000)
  from space 1024K, 25% used [0x00000000d5a80000,0x00000000d5ac0000,0x00000000d5b80000)
  to   space 512K, 0% used [0x00000000d5c00000,0x00000000d5c00000,0x00000000d5c80000)
 ParOldGen       total 521216K, used 521100K [0x0000000080000000, 0x000000009fd00000, 0x00000000d5580000)
  object space 521216K, 99% used [0x0000000080000000,0x000000009fce3320,0x000000009fd00000)
 Metaspace       used 73651K, committed 75136K, reserved 1179648K
  class space    used 7890K, committed 8576K, reserved 1048576K
}
Event: 671.221 GC heap after
{Heap after GC invocations=819 (full 3):
 PSYoungGen      total 5632K, used 325K [0x00000000d5580000, 0x00000000d5c80000, 0x0000000100000000)
  eden space 5120K, 0% used [0x00000000d5580000,0x00000000d5580000,0x00000000d5a80000)
  from space 512K, 63% used [0x00000000d5c00000,0x00000000d5c51478,0x00000000d5c80000)
  to   space 512K, 0% used [0x00000000d5b80000,0x00000000d5b80000,0x00000000d5c00000)
 ParOldGen       total 521216K, used 521156K [0x0000000080000000, 0x000000009fd00000, 0x00000000d5580000)
  object space 521216K, 99% used [0x0000000080000000,0x000000009fcf1320,0x000000009fd00000)
 Metaspace       used 73651K, committed 75136K, reserved 1179648K
  class space    used 7890K, committed 8576K, reserved 1048576K
}
Event: 671.236 GC heap before
{Heap before GC invocations=820 (full 3):
 PSYoungGen      total 5632K, used 5445K [0x00000000d5580000, 0x00000000d5c80000, 0x0000000100000000)
  eden space 5120K, 100% used [0x00000000d5580000,0x00000000d5a80000,0x00000000d5a80000)
  from space 512K, 63% used [0x00000000d5c00000,0x00000000d5c51478,0x00000000d5c80000)
  to   space 512K, 0% used [0x00000000d5b80000,0x00000000d5b80000,0x00000000d5c00000)
 ParOldGen       total 521216K, used 521156K [0x0000000080000000, 0x000000009fd00000, 0x00000000d5580000)
  object space 521216K, 99% used [0x0000000080000000,0x000000009fcf1320,0x000000009fd00000)
 Metaspace       used 73922K, committed 75392K, reserved 1179648K
  class space    used 7917K, committed 8576K, reserved 1048576K
}
Event: 671.237 GC heap after
{Heap after GC invocations=820 (full 3):
 PSYoungGen      total 5632K, used 314K [0x00000000d5580000, 0x00000000d5c80000, 0x0000000100000000)
  eden space 5120K, 0% used [0x00000000d5580000,0x00000000d5580000,0x00000000d5a80000)
  from space 512K, 61% used [0x00000000d5b80000,0x00000000d5bcea18,0x00000000d5c00000)
  to   space 512K, 0% used [0x00000000d5c00000,0x00000000d5c00000,0x00000000d5c80000)
 ParOldGen       total 521216K, used 521212K [0x0000000080000000, 0x000000009fd00000, 0x00000000d5580000)
  object space 521216K, 99% used [0x0000000080000000,0x000000009fcff320,0x000000009fd00000)
 Metaspace       used 73922K, committed 75392K, reserved 1179648K
  class space    used 7917K, committed 8576K, reserved 1048576K
}
Event: 671.249 GC heap before
{Heap before GC invocations=821 (full 3):
 PSYoungGen      total 5632K, used 5434K [0x00000000d5580000, 0x00000000d5c80000, 0x0000000100000000)
  eden space 5120K, 100% used [0x00000000d5580000,0x00000000d5a80000,0x00000000d5a80000)
  from space 512K, 61% used [0x00000000d5b80000,0x00000000d5bcea18,0x00000000d5c00000)
  to   space 512K, 0% used [0x00000000d5c00000,0x00000000d5c00000,0x00000000d5c80000)
 ParOldGen       total 521216K, used 521212K [0x0000000080000000, 0x000000009fd00000, 0x00000000d5580000)
  object space 521216K, 99% used [0x0000000080000000,0x000000009fcff320,0x000000009fd00000)
 Metaspace       used 74042K, committed 75584K, reserved 1179648K
  class space    used 7931K, committed 8640K, reserved 1048576K
}
Event: 671.250 GC heap after
{Heap after GC invocations=821 (full 3):
 PSYoungGen      total 5632K, used 256K [0x00000000d5580000, 0x00000000d5c80000, 0x0000000100000000)
  eden space 5120K, 0% used [0x00000000d5580000,0x00000000d5580000,0x00000000d5a80000)
  from space 512K, 50% used [0x00000000d5c00000,0x00000000d5c40000,0x00000000d5c80000)
  to   space 512K, 0% used [0x00000000d5b80000,0x00000000d5b80000,0x00000000d5c00000)
 ParOldGen       total 521728K, used 521295K [0x0000000080000000, 0x000000009fd80000, 0x00000000d5580000)
  object space 521728K, 99% used [0x0000000080000000,0x000000009fd13c20,0x000000009fd80000)
 Metaspace       used 74042K, committed 75584K, reserved 1179648K
  class space    used 7931K, committed 8640K, reserved 1048576K
}
Event: 672.388 GC heap before
{Heap before GC invocations=822 (full 3):
 PSYoungGen      total 5632K, used 5376K [0x00000000d5580000, 0x00000000d5c80000, 0x0000000100000000)
  eden space 5120K, 100% used [0x00000000d5580000,0x00000000d5a80000,0x00000000d5a80000)
  from space 512K, 50% used [0x00000000d5c00000,0x00000000d5c40000,0x00000000d5c80000)
  to   space 512K, 0% used [0x00000000d5b80000,0x00000000d5b80000,0x00000000d5c00000)
 ParOldGen       total 521728K, used 521295K [0x0000000080000000, 0x000000009fd80000, 0x00000000d5580000)
  object space 521728K, 99% used [0x0000000080000000,0x000000009fd13c20,0x000000009fd80000)
 Metaspace       used 74508K, committed 75968K, reserved 1179648K
  class space    used 7965K, committed 8640K, reserved 1048576K
}
Event: 672.391 GC heap after
{Heap after GC invocations=822 (full 3):
 PSYoungGen      total 5632K, used 256K [0x00000000d5580000, 0x00000000d5c80000, 0x0000000100000000)
  eden space 5120K, 0% used [0x00000000d5580000,0x00000000d5580000,0x00000000d5a80000)
  from space 512K, 50% used [0x00000000d5b80000,0x00000000d5bc0000,0x00000000d5c00000)
  to   space 512K, 0% used [0x00000000d5c00000,0x00000000d5c00000,0x00000000d5c80000)
 ParOldGen       total 521728K, used 521351K [0x0000000080000000, 0x000000009fd80000, 0x00000000d5580000)
  object space 521728K, 99% used [0x0000000080000000,0x000000009fd21c20,0x000000009fd80000)
 Metaspace       used 74508K, committed 75968K, reserved 1179648K
  class space    used 7965K, committed 8640K, reserved 1048576K
}
Event: 672.418 GC heap before
{Heap before GC invocations=823 (full 3):
 PSYoungGen      total 5632K, used 5216K [0x00000000d5580000, 0x00000000d5c80000, 0x0000000100000000)
  eden space 5120K, 96% used [0x00000000d5580000,0x00000000d5a58260,0x00000000d5a80000)
  from space 512K, 50% used [0x00000000d5b80000,0x00000000d5bc0000,0x00000000d5c00000)
  to   space 512K, 0% used [0x00000000d5c00000,0x00000000d5c00000,0x00000000d5c80000)
 ParOldGen       total 521728K, used 521351K [0x0000000080000000, 0x000000009fd80000, 0x00000000d5580000)
  object space 521728K, 99% used [0x0000000080000000,0x000000009fd21c20,0x000000009fd80000)
 Metaspace       used 74515K, committed 75968K, reserved 1179648K
  class space    used 7965K, committed 8640K, reserved 1048576K
}
Event: 672.421 GC heap after
{Heap after GC invocations=823 (full 3):
 PSYoungGen      total 5120K, used 499K [0x00000000d5580000, 0x00000000d5e80000, 0x0000000100000000)
  eden space 4608K, 0% used [0x00000000d5580000,0x00000000d5580000,0x00000000d5a00000)
  from space 512K, 97% used [0x00000000d5c00000,0x00000000d5c7cda8,0x00000000d5c80000)
  to   space 2048K, 0% used [0x00000000d5a00000,0x00000000d5a00000,0x00000000d5c00000)
 ParOldGen       total 522752K, used 522291K [0x0000000080000000, 0x000000009fe80000, 0x00000000d5580000)
  object space 522752K, 99% used [0x0000000080000000,0x000000009fe0ccd0,0x000000009fe80000)
 Metaspace       used 74515K, committed 75968K, reserved 1179648K
  class space    used 7965K, committed 8640K, reserved 1048576K
}
Event: 672.455 GC heap before
{Heap before GC invocations=824 (full 3):
 PSYoungGen      total 5120K, used 5107K [0x00000000d5580000, 0x00000000d5e80000, 0x0000000100000000)
  eden space 4608K, 100% used [0x00000000d5580000,0x00000000d5a00000,0x00000000d5a00000)
  from space 512K, 97% used [0x00000000d5c00000,0x00000000d5c7cda8,0x00000000d5c80000)
  to   space 2048K, 0% used [0x00000000d5a00000,0x00000000d5a00000,0x00000000d5c00000)
 ParOldGen       total 522752K, used 522291K [0x0000000080000000, 0x000000009fe80000, 0x00000000d5580000)
  object space 522752K, 99% used [0x0000000080000000,0x000000009fe0ccd0,0x000000009fe80000)
 Metaspace       used 74515K, committed 75968K, reserved 1179648K
  class space    used 7965K, committed 8640K, reserved 1048576K
}
Event: 675.490 GC heap after
{Heap after GC invocations=824 (full 3):
 PSYoungGen      total 6656K, used 2035K [0x00000000d5580000, 0x00000000d5e80000, 0x0000000100000000)
  eden space 4608K, 0% used [0x00000000d5580000,0x00000000d5580000,0x00000000d5a00000)
  from space 2048K, 99% used [0x00000000d5a00000,0x00000000d5bfcda8,0x00000000d5c00000)
  to   space 512K, 0% used [0x00000000d5c00000,0x00000000d5c00000,0x00000000d5c80000)
 ParOldGen       total 525312K, used 525110K [0x0000000080000000, 0x00000000a0100000, 0x00000000d5580000)
  object space 525312K, 99% used [0x0000000080000000,0x00000000a00cda78,0x00000000a0100000)
 Metaspace       used 74515K, committed 75968K, reserved 1179648K
  class space    used 7965K, committed 8640K, reserved 1048576K
}
Event: 675.547 GC heap before
{Heap before GC invocations=825 (full 3):
 PSYoungGen      total 6656K, used 6367K [0x00000000d5580000, 0x00000000d5e80000, 0x0000000100000000)
  eden space 4608K, 94% used [0x00000000d5580000,0x00000000d59bb1c8,0x00000000d5a00000)
  from space 2048K, 99% used [0x00000000d5a00000,0x00000000d5bfcda8,0x00000000d5c00000)
  to   space 512K, 0% used [0x00000000d5c00000,0x00000000d5c00000,0x00000000d5c80000)
 ParOldGen       total 525312K, used 525110K [0x0000000080000000, 0x00000000a0100000, 0x00000000d5580000)
  object space 525312K, 99% used [0x0000000080000000,0x00000000a00cda78,0x00000000a0100000)
 Metaspace       used 74524K, committed 75968K, reserved 1179648K
  class space    used 7966K, committed 8640K, reserved 1048576K
}

