# JRE version: OpenJDK Runtime Environment Temurin-21.0.9+10 (21.0.9+10) (build 21.0.9+10-LTS)
# Java VM: OpenJDK 64-Bit Server VM Temurin-21.0.9+10 (21.0.9+10-LTS, mixed mode, sharing, tiered, compressed oops, compressed class ptrs, parallel gc, windows-amd64)
GC Precious Log:
 CardTable entry size: 512
 CPUs: 8 total, 8 available
 Memory: 16217M
 Large Page Support: Disabled
 NUMA Support: Disabled
 Compressed Oops: Enabled (32-bit)
 Alignments: Space 512K, Generation 512K, Heap 2M
 Heap Min Capacity: 100M
 Heap Initial Capacity: 100M
 Heap Max Capacity: 2G
 Pre-touch: Disabled
 Parallel Workers: 8
Heap:
 PSYoungGen      total 16384K, used 12519K [0x00000000d5580000, 0x00000000d6700000, 0x0000000100000000)
  eden space 14848K, 77% used [0x00000000d5580000,0x00000000d60ce168,0x00000000d6400000)
  from space 1536K, 61% used [0x00000000d6580000,0x00000000d666be58,0x00000000d6700000)
  to   space 1536K, 0% used [0x00000000d6400000,0x00000000d6400000,0x00000000d6580000)
 ParOldGen       total 68608K, used 46348K [0x0000000080000000, 0x0000000084300000, 0x00000000d5580000)
  object space 68608K, 67% used [0x0000000080000000,0x0000000082d43010,0x0000000084300000)
 Metaspace       used 54587K, committed 55872K, reserved 1114112K
  class space    used 5946K, committed 6464K, reserved 1048576K
GC Heap History (20 events):
Event: 5.312 GC heap before
{Heap before GC invocations=27 (full 2):
 PSYoungGen      total 15872K, used 15860K [0x00000000d5580000, 0x00000000d6900000, 0x0000000100000000)
  eden space 14848K, 99% used [0x00000000d5580000,0x00000000d63fdc60,0x00000000d6400000)
  from space 1024K, 99% used [0x00000000d6800000,0x00000000d68ff620,0x00000000d6900000)
  to   space 2560K, 0% used [0x00000000d6400000,0x00000000d6400000,0x00000000d6680000)
 ParOldGen       total 68608K, used 39141K [0x0000000080000000, 0x0000000084300000, 0x00000000d5580000)
  object space 68608K, 57% used [0x0000000080000000,0x0000000082639718,0x0000000084300000)
 Metaspace       used 40432K, committed 41728K, reserved 1114112K
  class space    used 4255K, committed 4800K, reserved 1048576K
}
Event: 5.315 GC heap after
{Heap after GC invocations=27 (full 2):
 PSYoungGen      total 17408K, used 1042K [0x00000000d5580000, 0x00000000d6880000, 0x0000000100000000)
  eden space 14848K, 0% used [0x00000000d5580000,0x00000000d5580000,0x00000000d6400000)
  from space 2560K, 40% used [0x00000000d6400000,0x00000000d65048f0,0x00000000d6680000)
  to   space 1536K, 0% used [0x00000000d6700000,0x00000000d6700000,0x00000000d6880000)
 ParOldGen       total 68608K, used 40171K [0x0000000080000000, 0x0000000084300000, 0x00000000d5580000)
  object space 68608K, 58% used [0x0000000080000000,0x000000008273ad48,0x0000000084300000)
 Metaspace       used 40432K, committed 41728K, reserved 1114112K
  class space    used 4255K, committed 4800K, reserved 1048576K
}
Event: 5.487 GC heap before
{Heap before GC invocations=28 (full 2):
 PSYoungGen      total 17408K, used 15890K [0x00000000d5580000, 0x00000000d6880000, 0x0000000100000000)
  eden space 14848K, 100% used [0x00000000d5580000,0x00000000d6400000,0x00000000d6400000)
  from space 2560K, 40% used [0x00000000d6400000,0x00000000d65048f0,0x00000000d6680000)
  to   space 1536K, 0% used [0x00000000d6700000,0x00000000d6700000,0x00000000d6880000)
 ParOldGen       total 68608K, used 40171K [0x0000000080000000, 0x0000000084300000, 0x00000000d5580000)
  object space 68608K, 58% used [0x0000000080000000,0x000000008273ad48,0x0000000084300000)
 Metaspace       used 42222K, committed 43392K, reserved 1114112K
  class space    used 4445K, committed 4928K, reserved 1048576K
}
Event: 5.489 GC heap after
{Heap after GC invocations=28 (full 2):
 PSYoungGen      total 15872K, used 865K [0x00000000d5580000, 0x00000000d6800000, 0x0000000100000000)
  eden space 14848K, 0% used [0x00000000d5580000,0x00000000d5580000,0x00000000d6400000)
  from space 1024K, 84% used [0x00000000d6700000,0x00000000d67d8648,0x00000000d6800000)
  to   space 1024K, 0% used [0x00000000d6600000,0x00000000d6600000,0x00000000d6700000)
 ParOldGen       total 68608K, used 41128K [0x0000000080000000, 0x0000000084300000, 0x00000000d5580000)
  object space 68608K, 59% used [0x0000000080000000,0x000000008282a0a0,0x0000000084300000)
 Metaspace       used 42222K, committed 43392K, reserved 1114112K
  class space    used 4445K, committed 4928K, reserved 1048576K
}
Event: 5.631 GC heap before
{Heap before GC invocations=29 (full 2):
 PSYoungGen      total 15872K, used 15713K [0x00000000d5580000, 0x00000000d6800000, 0x0000000100000000)
  eden space 14848K, 100% used [0x00000000d5580000,0x00000000d6400000,0x00000000d6400000)
  from space 1024K, 84% used [0x00000000d6700000,0x00000000d67d8648,0x00000000d6800000)
  to   space 1024K, 0% used [0x00000000d6600000,0x00000000d6600000,0x00000000d6700000)
 ParOldGen       total 68608K, used 41128K [0x0000000080000000, 0x0000000084300000, 0x00000000d5580000)
  object space 68608K, 59% used [0x0000000080000000,0x000000008282a0a0,0x0000000084300000)
 Metaspace       used 43574K, committed 44800K, reserved 1114112K
  class space    used 4593K, committed 5120K, reserved 1048576K
}
Event: 5.632 GC heap after
{Heap after GC invocations=29 (full 2):
 PSYoungGen      total 15872K, used 781K [0x00000000d5580000, 0x00000000d6780000, 0x0000000100000000)
  eden space 14848K, 0% used [0x00000000d5580000,0x00000000d5580000,0x00000000d6400000)
  from space 1024K, 76% used [0x00000000d6600000,0x00000000d66c36f0,0x00000000d6700000)
  to   space 512K, 0% used [0x00000000d6700000,0x00000000d6700000,0x00000000d6780000)
 ParOldGen       total 68608K, used 41779K [0x0000000080000000, 0x0000000084300000, 0x00000000d5580000)
  object space 68608K, 60% used [0x0000000080000000,0x00000000828ccd90,0x0000000084300000)
 Metaspace       used 43574K, committed 44800K, reserved 1114112K
  class space    used 4593K, committed 5120K, reserved 1048576K
}
Event: 5.778 GC heap before
{Heap before GC invocations=30 (full 2):
 PSYoungGen      total 15872K, used 15629K [0x00000000d5580000, 0x00000000d6780000, 0x0000000100000000)
  eden space 14848K, 100% used [0x00000000d5580000,0x00000000d6400000,0x00000000d6400000)
  from space 1024K, 76% used [0x00000000d6600000,0x00000000d66c36f0,0x00000000d6700000)
  to   space 512K, 0% used [0x00000000d6700000,0x00000000d6700000,0x00000000d6780000)
 ParOldGen       total 68608K, used 41779K [0x0000000080000000, 0x0000000084300000, 0x00000000d5580000)
  object space 68608K, 60% used [0x0000000080000000,0x00000000828ccd90,0x0000000084300000)
 Metaspace       used 45440K, committed 46656K, reserved 1114112K
  class space    used 4795K, committed 5312K, reserved 1048576K
}
Event: 5.780 GC heap after
{Heap after GC invocations=30 (full 2):
 PSYoungGen      total 15360K, used 512K [0x00000000d5580000, 0x00000000d6780000, 0x0000000100000000)
  eden space 14848K, 0% used [0x00000000d5580000,0x00000000d5580000,0x00000000d6400000)
  from space 512K, 100% used [0x00000000d6700000,0x00000000d6780000,0x00000000d6780000)
  to   space 1536K, 0% used [0x00000000d6480000,0x00000000d6480000,0x00000000d6600000)
 ParOldGen       total 68608K, used 42312K [0x0000000080000000, 0x0000000084300000, 0x00000000d5580000)
  object space 68608K, 61% used [0x0000000080000000,0x0000000082952030,0x0000000084300000)
 Metaspace       used 45440K, committed 46656K, reserved 1114112K
  class space    used 4795K, committed 5312K, reserved 1048576K
}
Event: 5.897 GC heap before
{Heap before GC invocations=31 (full 2):
 PSYoungGen      total 15360K, used 15360K [0x00000000d5580000, 0x00000000d6780000, 0x0000000100000000)
  eden space 14848K, 100% used [0x00000000d5580000,0x00000000d6400000,0x00000000d6400000)
  from space 512K, 100% used [0x00000000d6700000,0x00000000d6780000,0x00000000d6780000)
  to   space 1536K, 0% used [0x00000000d6480000,0x00000000d6480000,0x00000000d6600000)
 ParOldGen       total 68608K, used 42312K [0x0000000080000000, 0x0000000084300000, 0x00000000d5580000)
  object space 68608K, 61% used [0x0000000080000000,0x0000000082952030,0x0000000084300000)
 Metaspace       used 46272K, committed 47488K, reserved 1114112K
  class space    used 4939K, committed 5440K, reserved 1048576K
}
Event: 5.898 GC heap after
{Heap after GC invocations=31 (full 2):
 PSYoungGen      total 16384K, used 448K [0x00000000d5580000, 0x00000000d6780000, 0x0000000100000000)
  eden space 14848K, 0% used [0x00000000d5580000,0x00000000d5580000,0x00000000d6400000)
  from space 1536K, 29% used [0x00000000d6480000,0x00000000d64f0000,0x00000000d6600000)
  to   space 1024K, 0% used [0x00000000d6680000,0x00000000d6680000,0x00000000d6780000)
 ParOldGen       total 68608K, used 42726K [0x0000000080000000, 0x0000000084300000, 0x00000000d5580000)
  object space 68608K, 62% used [0x0000000080000000,0x00000000829b99f0,0x0000000084300000)
 Metaspace       used 46272K, committed 47488K, reserved 1114112K
  class space    used 4939K, committed 5440K, reserved 1048576K
}
Event: 6.053 GC heap before
{Heap before GC invocations=32 (full 2):
 PSYoungGen      total 16384K, used 15296K [0x00000000d5580000, 0x00000000d6780000, 0x0000000100000000)
  eden space 14848K, 100% used [0x00000000d5580000,0x00000000d6400000,0x00000000d6400000)
  from space 1536K, 29% used [0x00000000d6480000,0x00000000d64f0000,0x00000000d6600000)
  to   space 1024K, 0% used [0x00000000d6680000,0x00000000d6680000,0x00000000d6780000)
 ParOldGen       total 68608K, used 42726K [0x0000000080000000, 0x0000000084300000, 0x00000000d5580000)
  object space 68608K, 62% used [0x0000000080000000,0x00000000829b99f0,0x0000000084300000)
 Metaspace       used 47617K, committed 48960K, reserved 1114112K
  class space    used 5081K, committed 5632K, reserved 1048576K
}
Event: 6.054 GC heap after
{Heap after GC invocations=32 (full 2):
 PSYoungGen      total 15872K, used 608K [0x00000000d5580000, 0x00000000d6780000, 0x0000000100000000)
  eden space 14848K, 0% used [0x00000000d5580000,0x00000000d5580000,0x00000000d6400000)
  from space 1024K, 59% used [0x00000000d6680000,0x00000000d6718000,0x00000000d6780000)
  to   space 1024K, 0% used [0x00000000d6580000,0x00000000d6580000,0x00000000d6680000)
 ParOldGen       total 68608K, used 42990K [0x0000000080000000, 0x0000000084300000, 0x00000000d5580000)
  object space 68608K, 62% used [0x0000000080000000,0x00000000829fb9f0,0x0000000084300000)
 Metaspace       used 47617K, committed 48960K, reserved 1114112K
  class space    used 5081K, committed 5632K, reserved 1048576K
}
Event: 6.163 GC heap before
{Heap before GC invocations=33 (full 2):
 PSYoungGen      total 15872K, used 15405K [0x00000000d5580000, 0x00000000d6780000, 0x0000000100000000)
  eden space 14848K, 99% used [0x00000000d5580000,0x00000000d63f37c8,0x00000000d6400000)
  from space 1024K, 59% used [0x00000000d6680000,0x00000000d6718000,0x00000000d6780000)
  to   space 1024K, 0% used [0x00000000d6580000,0x00000000d6580000,0x00000000d6680000)
 ParOldGen       total 68608K, used 42990K [0x0000000080000000, 0x0000000084300000, 0x00000000d5580000)
  object space 68608K, 62% used [0x0000000080000000,0x00000000829fb9f0,0x0000000084300000)
 Metaspace       used 48697K, committed 49920K, reserved 1114112K
  class space    used 5223K, committed 5760K, reserved 1048576K
}
Event: 6.165 GC heap after
{Heap after GC invocations=33 (full 2):
 PSYoungGen      total 15872K, used 672K [0x00000000d5580000, 0x00000000d6700000, 0x0000000100000000)
  eden space 14848K, 0% used [0x00000000d5580000,0x00000000d5580000,0x00000000d6400000)
  from space 1024K, 65% used [0x00000000d6580000,0x00000000d6628000,0x00000000d6680000)
  to   space 512K, 0% used [0x00000000d6680000,0x00000000d6680000,0x00000000d6700000)
 ParOldGen       total 68608K, used 43438K [0x0000000080000000, 0x0000000084300000, 0x00000000d5580000)
  object space 68608K, 63% used [0x0000000080000000,0x0000000082a6b9f0,0x0000000084300000)
 Metaspace       used 48697K, committed 49920K, reserved 1114112K
  class space    used 5223K, committed 5760K, reserved 1048576K
}
Event: 6.322 GC heap before
{Heap before GC invocations=34 (full 2):
 PSYoungGen      total 15872K, used 15520K [0x00000000d5580000, 0x00000000d6700000, 0x0000000100000000)
  eden space 14848K, 100% used [0x00000000d5580000,0x00000000d6400000,0x00000000d6400000)
  from space 1024K, 65% used [0x00000000d6580000,0x00000000d6628000,0x00000000d6680000)
  to   space 512K, 0% used [0x00000000d6680000,0x00000000d6680000,0x00000000d6700000)
 ParOldGen       total 68608K, used 43438K [0x0000000080000000, 0x0000000084300000, 0x00000000d5580000)
  object space 68608K, 63% used [0x0000000080000000,0x0000000082a6b9f0,0x0000000084300000)
 Metaspace       used 50101K, committed 51328K, reserved 1114112K
  class space    used 5384K, committed 5888K, reserved 1048576K
}
Event: 6.323 GC heap after
{Heap after GC invocations=34 (full 2):
 PSYoungGen      total 15360K, used 494K [0x00000000d5580000, 0x00000000d6800000, 0x0000000100000000)
  eden space 14848K, 0% used [0x00000000d5580000,0x00000000d5580000,0x00000000d6400000)
  from space 512K, 96% used [0x00000000d6680000,0x00000000d66fb880,0x00000000d6700000)
  to   space 2048K, 0% used [0x00000000d6400000,0x00000000d6400000,0x00000000d6600000)
 ParOldGen       total 68608K, used 44689K [0x0000000080000000, 0x0000000084300000, 0x00000000d5580000)
  object space 68608K, 65% used [0x0000000080000000,0x0000000082ba4530,0x0000000084300000)
 Metaspace       used 50101K, committed 51328K, reserved 1114112K
  class space    used 5384K, committed 5888K, reserved 1048576K
}
Event: 6.580 GC heap before
{Heap before GC invocations=35 (full 2):
 PSYoungGen      total 15360K, used 15342K [0x00000000d5580000, 0x00000000d6800000, 0x0000000100000000)
  eden space 14848K, 100% used [0x00000000d5580000,0x00000000d6400000,0x00000000d6400000)
  from space 512K, 96% used [0x00000000d6680000,0x00000000d66fb880,0x00000000d6700000)
  to   space 2048K, 0% used [0x00000000d6400000,0x00000000d6400000,0x00000000d6600000)
 ParOldGen       total 68608K, used 44689K [0x0000000080000000, 0x0000000084300000, 0x00000000d5580000)
  object space 68608K, 65% used [0x0000000080000000,0x0000000082ba4530,0x0000000084300000)
 Metaspace       used 51580K, committed 52800K, reserved 1114112K
  class space    used 5577K, committed 6080K, reserved 1048576K
}
Event: 6.582 GC heap after
{Heap after GC invocations=35 (full 2):
 PSYoungGen      total 16384K, used 1337K [0x00000000d5580000, 0x00000000d6700000, 0x0000000100000000)
  eden space 14848K, 0% used [0x00000000d5580000,0x00000000d5580000,0x00000000d6400000)
  from space 1536K, 87% used [0x00000000d6400000,0x00000000d654e7c0,0x00000000d6580000)
  to   space 1536K, 0% used [0x00000000d6580000,0x00000000d6580000,0x00000000d6700000)
 ParOldGen       total 68608K, used 45191K [0x0000000080000000, 0x0000000084300000, 0x00000000d5580000)
  object space 68608K, 65% used [0x0000000080000000,0x0000000082c21d70,0x0000000084300000)
 Metaspace       used 51580K, committed 52800K, reserved 1114112K
  class space    used 5577K, committed 6080K, reserved 1048576K
}
Event: 7.829 GC heap before
{Heap before GC invocations=36 (full 2):
 PSYoungGen      total 16384K, used 16185K [0x00000000d5580000, 0x00000000d6700000, 0x0000000100000000)
  eden space 14848K, 100% used [0x00000000d5580000,0x00000000d6400000,0x00000000d6400000)
  from space 1536K, 87% used [0x00000000d6400000,0x00000000d654e7c0,0x00000000d6580000)
  to   space 1536K, 0% used [0x00000000d6580000,0x00000000d6580000,0x00000000d6700000)
 ParOldGen       total 68608K, used 45191K [0x0000000080000000, 0x0000000084300000, 0x00000000d5580000)
  object space 68608K, 65% used [0x0000000080000000,0x0000000082c21d70,0x0000000084300000)
 Metaspace       used 53338K, committed 54656K, reserved 1114112K
  class space    used 5801K, committed 6336K, reserved 1048576K
}
Event: 7.831 GC heap after
{Heap after GC invocations=36 (full 2):
 PSYoungGen      total 16384K, used 943K [0x00000000d5580000, 0x00000000d6700000, 0x0000000100000000)
  eden space 14848K, 0% used [0x00000000d5580000,0x00000000d5580000,0x00000000d6400000)
  from space 1536K, 61% used [0x00000000d6580000,0x00000000d666be58,0x00000000d6700000)
  to   space 1536K, 0% used [0x00000000d6400000,0x00000000d6400000,0x00000000d6580000)
 ParOldGen       total 68608K, used 46348K [0x0000000080000000, 0x0000000084300000, 0x00000000d5580000)
  object space 68608K, 67% used [0x0000000080000000,0x0000000082d43010,0x0000000084300000)
 Metaspace       used 53338K, committed 54656K, reserved 1114112K
  class space    used 5801K, committed 6336K, reserved 1048576K
}

