# JRE version: OpenJDK Runtime Environment Temurin-21.0.9+10 (21.0.9+10) (build 21.0.9+10-LTS)
# Java VM: OpenJDK 64-Bit Server VM Temurin-21.0.9+10 (21.0.9+10-LTS, mixed mode, sharing, tiered, compressed oops, compressed class ptrs, parallel gc, windows-amd64)
GC Precious Log:
 CardTable entry size: 512
 CPUs: 8 total, 8 available
 Memory: 16217M
 Large Page Support: Disabled
 NUMA Support: Disabled
 Compressed Oops: Enabled (32-bit)
 Alignments: Space 512K, Generation 512K, Heap 2M
 Heap Min Capacity: 100M
 Heap Initial Capacity: 100M
 Heap Max Capacity: 2G
 Pre-touch: Disabled
 Parallel Workers: 8
Heap:
 PSYoungGen      total 23040K, used 5823K [0x00000000d5580000, 0x00000000d6e80000, 0x0000000100000000)
  eden space 20480K, 23% used [0x00000000d5580000,0x00000000d5a2fe28,0x00000000d6980000)
  from space 2560K, 40% used [0x00000000d6a00000,0x00000000d6b00000,0x00000000d6c80000)
  to   space 1536K, 0% used [0x00000000d6d00000,0x00000000d6d00000,0x00000000d6e80000)
 ParOldGen       total 68608K, used 47508K [0x0000000080000000, 0x0000000084300000, 0x00000000d5580000)
  object space 68608K, 69% used [0x0000000080000000,0x0000000082e653e0,0x0000000084300000)
 Metaspace       used 61849K, committed 63360K, reserved 1114112K
  class space    used 6689K, committed 7296K, reserved 1048576K
GC Heap History (20 events):
Event: 7.949 GC heap before
{Heap before GC invocations=33 (full 2):
 PSYoungGen      total 22016K, used 21760K [0x00000000d5580000, 0x00000000d6c80000, 0x0000000100000000)
  eden space 20480K, 100% used [0x00000000d5580000,0x00000000d6980000,0x00000000d6980000)
  from space 1536K, 83% used [0x00000000d6b00000,0x00000000d6c40000,0x00000000d6c80000)
  to   space 1536K, 0% used [0x00000000d6980000,0x00000000d6980000,0x00000000d6b00000)
 ParOldGen       total 68608K, used 41572K [0x0000000080000000, 0x0000000084300000, 0x00000000d5580000)
  object space 68608K, 60% used [0x0000000080000000,0x00000000828993e8,0x0000000084300000)
 Metaspace       used 57256K, committed 58624K, reserved 1114112K
  class space    used 6257K, committed 6848K, reserved 1048576K
}
Event: 7.950 GC heap after
{Heap after GC invocations=33 (full 2):
 PSYoungGen      total 22016K, used 1518K [0x00000000d5580000, 0x00000000d7380000, 0x0000000100000000)
  eden space 20480K, 0% used [0x00000000d5580000,0x00000000d5580000,0x00000000d6980000)
  from space 1536K, 98% used [0x00000000d6980000,0x00000000d6afbab0,0x00000000d6b00000)
  to   space 5120K, 0% used [0x00000000d6e80000,0x00000000d6e80000,0x00000000d7380000)
 ParOldGen       total 68608K, used 44196K [0x0000000080000000, 0x0000000084300000, 0x00000000d5580000)
  object space 68608K, 64% used [0x0000000080000000,0x0000000082b291e8,0x0000000084300000)
 Metaspace       used 57256K, committed 58624K, reserved 1114112K
  class space    used 6257K, committed 6848K, reserved 1048576K
}
Event: 8.384 GC heap before
{Heap before GC invocations=34 (full 2):
 PSYoungGen      total 22016K, used 21986K [0x00000000d5580000, 0x00000000d7380000, 0x0000000100000000)
  eden space 20480K, 99% used [0x00000000d5580000,0x00000000d697ce60,0x00000000d6980000)
  from space 1536K, 98% used [0x00000000d6980000,0x00000000d6afbab0,0x00000000d6b00000)
  to   space 5120K, 0% used [0x00000000d6e80000,0x00000000d6e80000,0x00000000d7380000)
 ParOldGen       total 68608K, used 44196K [0x0000000080000000, 0x0000000084300000, 0x00000000d5580000)
  object space 68608K, 64% used [0x0000000080000000,0x0000000082b291e8,0x0000000084300000)
 Metaspace       used 57754K, committed 59136K, reserved 1114112K
  class space    used 6281K, committed 6848K, reserved 1048576K
}
Event: 8.386 GC heap after
{Heap after GC invocations=34 (full 2):
 PSYoungGen      total 23040K, used 2077K [0x00000000d5580000, 0x00000000d7100000, 0x0000000100000000)
  eden space 20480K, 0% used [0x00000000d5580000,0x00000000d5580000,0x00000000d6980000)
  from space 2560K, 81% used [0x00000000d6e80000,0x00000000d7087650,0x00000000d7100000)
  to   space 3072K, 0% used [0x00000000d6b00000,0x00000000d6b00000,0x00000000d6e00000)
 ParOldGen       total 68608K, used 44660K [0x0000000080000000, 0x0000000084300000, 0x00000000d5580000)
  object space 68608K, 65% used [0x0000000080000000,0x0000000082b9d1e8,0x0000000084300000)
 Metaspace       used 57754K, committed 59136K, reserved 1114112K
  class space    used 6281K, committed 6848K, reserved 1048576K
}
Event: 8.831 GC heap before
{Heap before GC invocations=35 (full 2):
 PSYoungGen      total 23040K, used 22557K [0x00000000d5580000, 0x00000000d7100000, 0x0000000100000000)
  eden space 20480K, 100% used [0x00000000d5580000,0x00000000d6980000,0x00000000d6980000)
  from space 2560K, 81% used [0x00000000d6e80000,0x00000000d7087650,0x00000000d7100000)
  to   space 3072K, 0% used [0x00000000d6b00000,0x00000000d6b00000,0x00000000d6e00000)
 ParOldGen       total 68608K, used 44660K [0x0000000080000000, 0x0000000084300000, 0x00000000d5580000)
  object space 68608K, 65% used [0x0000000080000000,0x0000000082b9d1e8,0x0000000084300000)
 Metaspace       used 58048K, committed 59456K, reserved 1114112K
  class space    used 6283K, committed 6912K, reserved 1048576K
}
Event: 8.833 GC heap after
{Heap after GC invocations=35 (full 2):
 PSYoungGen      total 21504K, used 800K [0x00000000d5580000, 0x00000000d6f00000, 0x0000000100000000)
  eden space 20480K, 0% used [0x00000000d5580000,0x00000000d5580000,0x00000000d6980000)
  from space 1024K, 78% used [0x00000000d6b00000,0x00000000d6bc8020,0x00000000d6c00000)
  to   space 1536K, 0% used [0x00000000d6d80000,0x00000000d6d80000,0x00000000d6f00000)
 ParOldGen       total 68608K, used 46087K [0x0000000080000000, 0x0000000084300000, 0x00000000d5580000)
  object space 68608K, 67% used [0x0000000080000000,0x0000000082d01c88,0x0000000084300000)
 Metaspace       used 58048K, committed 59456K, reserved 1114112K
  class space    used 6283K, committed 6912K, reserved 1048576K
}
Event: 8.945 GC heap before
{Heap before GC invocations=36 (full 2):
 PSYoungGen      total 21504K, used 8039K [0x00000000d5580000, 0x00000000d6f00000, 0x0000000100000000)
  eden space 20480K, 35% used [0x00000000d5580000,0x00000000d5c91de8,0x00000000d6980000)
  from space 1024K, 78% used [0x00000000d6b00000,0x00000000d6bc8020,0x00000000d6c00000)
  to   space 1536K, 0% used [0x00000000d6d80000,0x00000000d6d80000,0x00000000d6f00000)
 ParOldGen       total 68608K, used 46087K [0x0000000080000000, 0x0000000084300000, 0x00000000d5580000)
  object space 68608K, 67% used [0x0000000080000000,0x0000000082d01c88,0x0000000084300000)
 Metaspace       used 58476K, committed 59776K, reserved 1114112K
  class space    used 6324K, committed 6912K, reserved 1048576K
}
Event: 8.946 GC heap after
{Heap after GC invocations=36 (full 2):
 PSYoungGen      total 20992K, used 422K [0x00000000d5580000, 0x00000000d6e00000, 0x0000000100000000)
  eden space 20480K, 0% used [0x00000000d5580000,0x00000000d5580000,0x00000000d6980000)
  from space 512K, 82% used [0x00000000d6d80000,0x00000000d6de9950,0x00000000d6e00000)
  to   space 1024K, 0% used [0x00000000d6c00000,0x00000000d6c00000,0x00000000d6d00000)
 ParOldGen       total 68608K, used 46419K [0x0000000080000000, 0x0000000084300000, 0x00000000d5580000)
  object space 68608K, 67% used [0x0000000080000000,0x0000000082d54cb8,0x0000000084300000)
 Metaspace       used 58476K, committed 59776K, reserved 1114112K
  class space    used 6324K, committed 6912K, reserved 1048576K
}
Event: 8.946 GC heap before
{Heap before GC invocations=37 (full 3):
 PSYoungGen      total 20992K, used 422K [0x00000000d5580000, 0x00000000d6e00000, 0x0000000100000000)
  eden space 20480K, 0% used [0x00000000d5580000,0x00000000d5580000,0x00000000d6980000)
  from space 512K, 82% used [0x00000000d6d80000,0x00000000d6de9950,0x00000000d6e00000)
  to   space 1024K, 0% used [0x00000000d6c00000,0x00000000d6c00000,0x00000000d6d00000)
 ParOldGen       total 68608K, used 46419K [0x0000000080000000, 0x0000000084300000, 0x00000000d5580000)
  object space 68608K, 67% used [0x0000000080000000,0x0000000082d54cb8,0x0000000084300000)
 Metaspace       used 58476K, committed 59776K, reserved 1114112K
  class space    used 6324K, committed 6912K, reserved 1048576K
}
Event: 9.024 GC heap after
{Heap after GC invocations=37 (full 3):
 PSYoungGen      total 20992K, used 0K [0x00000000d5580000, 0x00000000d6e00000, 0x0000000100000000)
  eden space 20480K, 0% used [0x00000000d5580000,0x00000000d5580000,0x00000000d6980000)
  from space 512K, 0% used [0x00000000d6d80000,0x00000000d6d80000,0x00000000d6e00000)
  to   space 1024K, 0% used [0x00000000d6c00000,0x00000000d6c00000,0x00000000d6d00000)
 ParOldGen       total 68608K, used 40696K [0x0000000080000000, 0x0000000084300000, 0x00000000d5580000)
  object space 68608K, 59% used [0x0000000080000000,0x00000000827be0d8,0x0000000084300000)
 Metaspace       used 58469K, committed 59776K, reserved 1114112K
  class space    used 6322K, committed 6912K, reserved 1048576K
}
Event: 9.393 GC heap before
{Heap before GC invocations=38 (full 3):
 PSYoungGen      total 20992K, used 20480K [0x00000000d5580000, 0x00000000d6e00000, 0x0000000100000000)
  eden space 20480K, 100% used [0x00000000d5580000,0x00000000d6980000,0x00000000d6980000)
  from space 512K, 0% used [0x00000000d6d80000,0x00000000d6d80000,0x00000000d6e00000)
  to   space 1024K, 0% used [0x00000000d6c00000,0x00000000d6c00000,0x00000000d6d00000)
 ParOldGen       total 68608K, used 40696K [0x0000000080000000, 0x0000000084300000, 0x00000000d5580000)
  object space 68608K, 59% used [0x0000000080000000,0x00000000827be0d8,0x0000000084300000)
 Metaspace       used 58819K, committed 60160K, reserved 1114112K
  class space    used 6348K, committed 6912K, reserved 1048576K
}
Event: 9.394 GC heap after
{Heap after GC invocations=38 (full 3):
 PSYoungGen      total 21504K, used 256K [0x00000000d5580000, 0x00000000d6e00000, 0x0000000100000000)
  eden space 20480K, 0% used [0x00000000d5580000,0x00000000d5580000,0x00000000d6980000)
  from space 1024K, 25% used [0x00000000d6c00000,0x00000000d6c40000,0x00000000d6d00000)
  to   space 512K, 0% used [0x00000000d6d80000,0x00000000d6d80000,0x00000000d6e00000)
 ParOldGen       total 68608K, used 40704K [0x0000000080000000, 0x0000000084300000, 0x00000000d5580000)
  object space 68608K, 59% used [0x0000000080000000,0x00000000827c00d8,0x0000000084300000)
 Metaspace       used 58819K, committed 60160K, reserved 1114112K
  class space    used 6348K, committed 6912K, reserved 1048576K
}
Event: 9.793 GC heap before
{Heap before GC invocations=39 (full 3):
 PSYoungGen      total 21504K, used 20736K [0x00000000d5580000, 0x00000000d6e00000, 0x0000000100000000)
  eden space 20480K, 100% used [0x00000000d5580000,0x00000000d6980000,0x00000000d6980000)
  from space 1024K, 25% used [0x00000000d6c00000,0x00000000d6c40000,0x00000000d6d00000)
  to   space 512K, 0% used [0x00000000d6d80000,0x00000000d6d80000,0x00000000d6e00000)
 ParOldGen       total 68608K, used 40704K [0x0000000080000000, 0x0000000084300000, 0x00000000d5580000)
  object space 68608K, 59% used [0x0000000080000000,0x00000000827c00d8,0x0000000084300000)
 Metaspace       used 59972K, committed 61376K, reserved 1114112K
  class space    used 6473K, committed 7040K, reserved 1048576K
}
Event: 9.795 GC heap after
{Heap after GC invocations=39 (full 3):
 PSYoungGen      total 20992K, used 504K [0x00000000d5580000, 0x00000000d7080000, 0x0000000100000000)
  eden space 20480K, 0% used [0x00000000d5580000,0x00000000d5580000,0x00000000d6980000)
  from space 512K, 98% used [0x00000000d6d80000,0x00000000d6dfe1a8,0x00000000d6e00000)
  to   space 3584K, 0% used [0x00000000d6980000,0x00000000d6980000,0x00000000d6d00000)
 ParOldGen       total 68608K, used 43187K [0x0000000080000000, 0x0000000084300000, 0x00000000d5580000)
  object space 68608K, 62% used [0x0000000080000000,0x0000000082a2cfa8,0x0000000084300000)
 Metaspace       used 59972K, committed 61376K, reserved 1114112K
  class space    used 6473K, committed 7040K, reserved 1048576K
}
Event: 9.991 GC heap before
{Heap before GC invocations=40 (full 3):
 PSYoungGen      total 20992K, used 20984K [0x00000000d5580000, 0x00000000d7080000, 0x0000000100000000)
  eden space 20480K, 100% used [0x00000000d5580000,0x00000000d6980000,0x00000000d6980000)
  from space 512K, 98% used [0x00000000d6d80000,0x00000000d6dfe1a8,0x00000000d6e00000)
  to   space 3584K, 0% used [0x00000000d6980000,0x00000000d6980000,0x00000000d6d00000)
 ParOldGen       total 68608K, used 43187K [0x0000000080000000, 0x0000000084300000, 0x00000000d5580000)
  object space 68608K, 62% used [0x0000000080000000,0x0000000082a2cfa8,0x0000000084300000)
 Metaspace       used 60121K, committed 61632K, reserved 1114112K
  class space    used 6486K, committed 7104K, reserved 1048576K
}
Event: 9.994 GC heap after
{Heap after GC invocations=40 (full 3):
 PSYoungGen      total 24064K, used 3579K [0x00000000d5580000, 0x00000000d7280000, 0x0000000100000000)
  eden space 20480K, 0% used [0x00000000d5580000,0x00000000d5580000,0x00000000d6980000)
  from space 3584K, 99% used [0x00000000d6980000,0x00000000d6cfee28,0x00000000d6d00000)
  to   space 4608K, 0% used [0x00000000d6e00000,0x00000000d6e00000,0x00000000d7280000)
 ParOldGen       total 68608K, used 43691K [0x0000000080000000, 0x0000000084300000, 0x00000000d5580000)
  object space 68608K, 63% used [0x0000000080000000,0x0000000082aaad00,0x0000000084300000)
 Metaspace       used 60121K, committed 61632K, reserved 1114112K
  class space    used 6486K, committed 7104K, reserved 1048576K
}
Event: 10.115 GC heap before
{Heap before GC invocations=41 (full 3):
 PSYoungGen      total 24064K, used 24059K [0x00000000d5580000, 0x00000000d7280000, 0x0000000100000000)
  eden space 20480K, 100% used [0x00000000d5580000,0x00000000d6980000,0x00000000d6980000)
  from space 3584K, 99% used [0x00000000d6980000,0x00000000d6cfee28,0x00000000d6d00000)
  to   space 4608K, 0% used [0x00000000d6e00000,0x00000000d6e00000,0x00000000d7280000)
 ParOldGen       total 68608K, used 43691K [0x0000000080000000, 0x0000000084300000, 0x00000000d5580000)
  object space 68608K, 63% used [0x0000000080000000,0x0000000082aaad00,0x0000000084300000)
 Metaspace       used 60146K, committed 61632K, reserved 1114112K
  class space    used 6486K, committed 7104K, reserved 1048576K
}
Event: 10.118 GC heap after
{Heap after GC invocations=41 (full 3):
 PSYoungGen      total 21504K, used 893K [0x00000000d5580000, 0x00000000d6f00000, 0x0000000100000000)
  eden space 20480K, 0% used [0x00000000d5580000,0x00000000d5580000,0x00000000d6980000)
  from space 1024K, 87% used [0x00000000d6e00000,0x00000000d6edf698,0x00000000d6f00000)
  to   space 2560K, 0% used [0x00000000d6a00000,0x00000000d6a00000,0x00000000d6c80000)
 ParOldGen       total 68608K, used 46972K [0x0000000080000000, 0x0000000084300000, 0x00000000d5580000)
  object space 68608K, 68% used [0x0000000080000000,0x0000000082ddf3e0,0x0000000084300000)
 Metaspace       used 60146K, committed 61632K, reserved 1114112K
  class space    used 6486K, committed 7104K, reserved 1048576K
}
Event: 75.207 GC heap before
{Heap before GC invocations=42 (full 3):
 PSYoungGen      total 21504K, used 21373K [0x00000000d5580000, 0x00000000d6f00000, 0x0000000100000000)
  eden space 20480K, 100% used [0x00000000d5580000,0x00000000d6980000,0x00000000d6980000)
  from space 1024K, 87% used [0x00000000d6e00000,0x00000000d6edf698,0x00000000d6f00000)
  to   space 2560K, 0% used [0x00000000d6a00000,0x00000000d6a00000,0x00000000d6c80000)
 ParOldGen       total 68608K, used 46972K [0x0000000080000000, 0x0000000084300000, 0x00000000d5580000)
  object space 68608K, 68% used [0x0000000080000000,0x0000000082ddf3e0,0x0000000084300000)
 Metaspace       used 61574K, committed 62976K, reserved 1114112K
  class space    used 6658K, committed 7232K, reserved 1048576K
}
Event: 75.209 GC heap after
{Heap after GC invocations=42 (full 3):
 PSYoungGen      total 23040K, used 1024K [0x00000000d5580000, 0x00000000d6e80000, 0x0000000100000000)
  eden space 20480K, 0% used [0x00000000d5580000,0x00000000d5580000,0x00000000d6980000)
  from space 2560K, 40% used [0x00000000d6a00000,0x00000000d6b00000,0x00000000d6c80000)
  to   space 1536K, 0% used [0x00000000d6d00000,0x00000000d6d00000,0x00000000d6e80000)
 ParOldGen       total 68608K, used 47508K [0x0000000080000000, 0x0000000084300000, 0x00000000d5580000)
  object space 68608K, 69% used [0x0000000080000000,0x0000000082e653e0,0x0000000084300000)
 Metaspace       used 61574K, committed 62976K, reserved 1114112K
  class space    used 6658K, committed 7232K, reserved 1048576K
}

