# JRE version: OpenJDK Runtime Environment Temurin-21.0.9+10 (21.0.9+10) (build 21.0.9+10-LTS)
# Java VM: OpenJDK 64-Bit Server VM Temurin-21.0.9+10 (21.0.9+10-LTS, mixed mode, sharing, tiered, compressed oops, compressed class ptrs, parallel gc, windows-amd64)
GC Precious Log:
 CardTable entry size: 512
 CPUs: 8 total, 8 available
 Memory: 16217M
 Large Page Support: Disabled
 NUMA Support: Disabled
 Compressed Oops: Enabled (32-bit)
 Alignments: Space 512K, Generation 512K, Heap 2M
 Heap Min Capacity: 100M
 Heap Initial Capacity: 100M
 Heap Max Capacity: 2G
 Pre-touch: Disabled
 Parallel Workers: 8
Heap:
 PSYoungGen      total 15872K, used 13255K [0x00000000d5580000, 0x00000000d6880000, 0x0000000100000000)
  eden space 14848K, 83% used [0x00000000d5580000,0x00000000d6191ea8,0x00000000d6400000)
  from space 1024K, 87% used [0x00000000d6700000,0x00000000d67e0000,0x00000000d6800000)
  to   space 512K, 0% used [0x00000000d6800000,0x00000000d6800000,0x00000000d6880000)
 ParOldGen       total 68608K, used 47588K [0x0000000080000000, 0x0000000084300000, 0x00000000d5580000)
  object space 68608K, 69% used [0x0000000080000000,0x0000000082e79298,0x0000000084300000)
 Metaspace       used 61532K, committed 63040K, reserved 1114112K
  class space    used 6663K, committed 7296K, reserved 1048576K
GC Heap History (20 events):
Event: 10.187 GC heap before
{Heap before GC invocations=35 (full 2):
 PSYoungGen      total 18944K, used 18927K [0x00000000d5580000, 0x00000000d6a00000, 0x0000000100000000)
  eden space 17920K, 100% used [0x00000000d5580000,0x00000000d6700000,0x00000000d6700000)
  from space 1024K, 98% used [0x00000000d6900000,0x00000000d69fbd88,0x00000000d6a00000)
  to   space 1536K, 0% used [0x00000000d6700000,0x00000000d6700000,0x00000000d6880000)
 ParOldGen       total 68608K, used 42987K [0x0000000080000000, 0x0000000084300000, 0x00000000d5580000)
  object space 68608K, 62% used [0x0000000080000000,0x00000000829fad20,0x0000000084300000)
 Metaspace       used 57544K, committed 59008K, reserved 1114112K
  class space    used 6287K, committed 6976K, reserved 1048576K
}
Event: 10.188 GC heap after
{Heap after GC invocations=35 (full 2):
 PSYoungGen      total 19456K, used 1505K [0x00000000d5580000, 0x00000000d6d00000, 0x0000000100000000)
  eden space 17920K, 0% used [0x00000000d5580000,0x00000000d5580000,0x00000000d6700000)
  from space 1536K, 98% used [0x00000000d6700000,0x00000000d6878738,0x00000000d6880000)
  to   space 3072K, 0% used [0x00000000d6a00000,0x00000000d6a00000,0x00000000d6d00000)
 ParOldGen       total 68608K, used 44152K [0x0000000080000000, 0x0000000084300000, 0x00000000d5580000)
  object space 68608K, 64% used [0x0000000080000000,0x0000000082b1e0a0,0x0000000084300000)
 Metaspace       used 57544K, committed 59008K, reserved 1114112K
  class space    used 6287K, committed 6976K, reserved 1048576K
}
Event: 10.448 GC heap before
{Heap before GC invocations=36 (full 2):
 PSYoungGen      total 19456K, used 19425K [0x00000000d5580000, 0x00000000d6d00000, 0x0000000100000000)
  eden space 17920K, 100% used [0x00000000d5580000,0x00000000d6700000,0x00000000d6700000)
  from space 1536K, 98% used [0x00000000d6700000,0x00000000d6878738,0x00000000d6880000)
  to   space 3072K, 0% used [0x00000000d6a00000,0x00000000d6a00000,0x00000000d6d00000)
 ParOldGen       total 68608K, used 44152K [0x0000000080000000, 0x0000000084300000, 0x00000000d5580000)
  object space 68608K, 64% used [0x0000000080000000,0x0000000082b1e0a0,0x0000000084300000)
 Metaspace       used 57805K, committed 59264K, reserved 1114112K
  class space    used 6288K, committed 6976K, reserved 1048576K
}
Event: 10.450 GC heap after
{Heap after GC invocations=36 (full 2):
 PSYoungGen      total 18944K, used 608K [0x00000000d5580000, 0x00000000d6b00000, 0x0000000100000000)
  eden space 17920K, 0% used [0x00000000d5580000,0x00000000d5580000,0x00000000d6700000)
  from space 1024K, 59% used [0x00000000d6a00000,0x00000000d6a98000,0x00000000d6b00000)
  to   space 1536K, 0% used [0x00000000d6800000,0x00000000d6800000,0x00000000d6980000)
 ParOldGen       total 68608K, used 45386K [0x0000000080000000, 0x0000000084300000, 0x00000000d5580000)
  object space 68608K, 66% used [0x0000000080000000,0x0000000082c52be8,0x0000000084300000)
 Metaspace       used 57805K, committed 59264K, reserved 1114112K
  class space    used 6288K, committed 6976K, reserved 1048576K
}
Event: 10.597 GC heap before
{Heap before GC invocations=37 (full 2):
 PSYoungGen      total 18944K, used 12221K [0x00000000d5580000, 0x00000000d6b00000, 0x0000000100000000)
  eden space 17920K, 64% used [0x00000000d5580000,0x00000000d60d75c8,0x00000000d6700000)
  from space 1024K, 59% used [0x00000000d6a00000,0x00000000d6a98000,0x00000000d6b00000)
  to   space 1536K, 0% used [0x00000000d6800000,0x00000000d6800000,0x00000000d6980000)
 ParOldGen       total 68608K, used 45386K [0x0000000080000000, 0x0000000084300000, 0x00000000d5580000)
  object space 68608K, 66% used [0x0000000080000000,0x0000000082c52be8,0x0000000084300000)
 Metaspace       used 58333K, committed 59776K, reserved 1114112K
  class space    used 6334K, committed 7040K, reserved 1048576K
}
Event: 10.598 GC heap after
{Heap after GC invocations=37 (full 2):
 PSYoungGen      total 19456K, used 352K [0x00000000d5580000, 0x00000000d6a80000, 0x0000000100000000)
  eden space 17920K, 0% used [0x00000000d5580000,0x00000000d5580000,0x00000000d6700000)
  from space 1536K, 22% used [0x00000000d6800000,0x00000000d6858000,0x00000000d6980000)
  to   space 1024K, 0% used [0x00000000d6980000,0x00000000d6980000,0x00000000d6a80000)
 ParOldGen       total 68608K, used 45779K [0x0000000080000000, 0x0000000084300000, 0x00000000d5580000)
  object space 68608K, 66% used [0x0000000080000000,0x0000000082cb4c08,0x0000000084300000)
 Metaspace       used 58333K, committed 59776K, reserved 1114112K
  class space    used 6334K, committed 7040K, reserved 1048576K
}
Event: 10.598 GC heap before
{Heap before GC invocations=38 (full 3):
 PSYoungGen      total 19456K, used 352K [0x00000000d5580000, 0x00000000d6a80000, 0x0000000100000000)
  eden space 17920K, 0% used [0x00000000d5580000,0x00000000d5580000,0x00000000d6700000)
  from space 1536K, 22% used [0x00000000d6800000,0x00000000d6858000,0x00000000d6980000)
  to   space 1024K, 0% used [0x00000000d6980000,0x00000000d6980000,0x00000000d6a80000)
 ParOldGen       total 68608K, used 45779K [0x0000000080000000, 0x0000000084300000, 0x00000000d5580000)
  object space 68608K, 66% used [0x0000000080000000,0x0000000082cb4c08,0x0000000084300000)
 Metaspace       used 58333K, committed 59776K, reserved 1114112K
  class space    used 6334K, committed 7040K, reserved 1048576K
}
Event: 10.693 GC heap after
{Heap after GC invocations=38 (full 3):
 PSYoungGen      total 19456K, used 0K [0x00000000d5580000, 0x00000000d6a80000, 0x0000000100000000)
  eden space 17920K, 0% used [0x00000000d5580000,0x00000000d5580000,0x00000000d6700000)
  from space 1536K, 0% used [0x00000000d6800000,0x00000000d6800000,0x00000000d6980000)
  to   space 1024K, 0% used [0x00000000d6980000,0x00000000d6980000,0x00000000d6a80000)
 ParOldGen       total 68608K, used 40588K [0x0000000080000000, 0x0000000084300000, 0x00000000d5580000)
  object space 68608K, 59% used [0x0000000080000000,0x00000000827a3238,0x0000000084300000)
 Metaspace       used 58328K, committed 59776K, reserved 1114112K
  class space    used 6332K, committed 7040K, reserved 1048576K
}
Event: 11.215 GC heap before
{Heap before GC invocations=39 (full 3):
 PSYoungGen      total 19456K, used 17920K [0x00000000d5580000, 0x00000000d6a80000, 0x0000000100000000)
  eden space 17920K, 100% used [0x00000000d5580000,0x00000000d6700000,0x00000000d6700000)
  from space 1536K, 0% used [0x00000000d6800000,0x00000000d6800000,0x00000000d6980000)
  to   space 1024K, 0% used [0x00000000d6980000,0x00000000d6980000,0x00000000d6a80000)
 ParOldGen       total 68608K, used 40588K [0x0000000080000000, 0x0000000084300000, 0x00000000d5580000)
  object space 68608K, 59% used [0x0000000080000000,0x00000000827a3238,0x0000000084300000)
 Metaspace       used 58599K, committed 60096K, reserved 1114112K
  class space    used 6354K, committed 7040K, reserved 1048576K
}
Event: 11.216 GC heap after
{Heap after GC invocations=39 (full 3):
 PSYoungGen      total 18432K, used 256K [0x00000000d5580000, 0x00000000d6a00000, 0x0000000100000000)
  eden space 17920K, 0% used [0x00000000d5580000,0x00000000d5580000,0x00000000d6700000)
  from space 512K, 50% used [0x00000000d6980000,0x00000000d69c0000,0x00000000d6a00000)
  to   space 512K, 0% used [0x00000000d6900000,0x00000000d6900000,0x00000000d6980000)
 ParOldGen       total 68608K, used 40596K [0x0000000080000000, 0x0000000084300000, 0x00000000d5580000)
  object space 68608K, 59% used [0x0000000080000000,0x00000000827a5238,0x0000000084300000)
 Metaspace       used 58599K, committed 60096K, reserved 1114112K
  class space    used 6354K, committed 7040K, reserved 1048576K
}
Event: 11.572 GC heap before
{Heap before GC invocations=40 (full 3):
 PSYoungGen      total 18432K, used 18176K [0x00000000d5580000, 0x00000000d6a00000, 0x0000000100000000)
  eden space 17920K, 100% used [0x00000000d5580000,0x00000000d6700000,0x00000000d6700000)
  from space 512K, 50% used [0x00000000d6980000,0x00000000d69c0000,0x00000000d6a00000)
  to   space 512K, 0% used [0x00000000d6900000,0x00000000d6900000,0x00000000d6980000)
 ParOldGen       total 68608K, used 40596K [0x0000000080000000, 0x0000000084300000, 0x00000000d5580000)
  object space 68608K, 59% used [0x0000000080000000,0x00000000827a5238,0x0000000084300000)
 Metaspace       used 59584K, committed 61056K, reserved 1114112K
  class space    used 6454K, committed 7104K, reserved 1048576K
}
Event: 11.574 GC heap after
{Heap after GC invocations=40 (full 3):
 PSYoungGen      total 18432K, used 501K [0x00000000d5580000, 0x00000000d6c00000, 0x0000000100000000)
  eden space 17920K, 0% used [0x00000000d5580000,0x00000000d5580000,0x00000000d6700000)
  from space 512K, 97% used [0x00000000d6900000,0x00000000d697d508,0x00000000d6980000)
  to   space 2560K, 0% used [0x00000000d6980000,0x00000000d6980000,0x00000000d6c00000)
 ParOldGen       total 68608K, used 42025K [0x0000000080000000, 0x0000000084300000, 0x00000000d5580000)
  object space 68608K, 61% used [0x0000000080000000,0x000000008290a590,0x0000000084300000)
 Metaspace       used 59584K, committed 61056K, reserved 1114112K
  class space    used 6454K, committed 7104K, reserved 1048576K
}
Event: 11.705 GC heap before
{Heap before GC invocations=41 (full 3):
 PSYoungGen      total 18432K, used 18421K [0x00000000d5580000, 0x00000000d6c00000, 0x0000000100000000)
  eden space 17920K, 100% used [0x00000000d5580000,0x00000000d6700000,0x00000000d6700000)
  from space 512K, 97% used [0x00000000d6900000,0x00000000d697d508,0x00000000d6980000)
  to   space 2560K, 0% used [0x00000000d6980000,0x00000000d6980000,0x00000000d6c00000)
 ParOldGen       total 68608K, used 42025K [0x0000000080000000, 0x0000000084300000, 0x00000000d5580000)
  object space 68608K, 61% used [0x0000000080000000,0x000000008290a590,0x0000000084300000)
 Metaspace       used 59967K, committed 61440K, reserved 1114112K
  class space    used 6492K, committed 7168K, reserved 1048576K
}
Event: 11.708 GC heap after
{Heap after GC invocations=41 (full 3):
 PSYoungGen      total 17408K, used 2541K [0x00000000d5580000, 0x00000000d7200000, 0x0000000100000000)
  eden space 14848K, 0% used [0x00000000d5580000,0x00000000d5580000,0x00000000d6400000)
  from space 2560K, 99% used [0x00000000d6980000,0x00000000d6bfb470,0x00000000d6c00000)
  to   space 5632K, 0% used [0x00000000d6400000,0x00000000d6400000,0x00000000d6980000)
 ParOldGen       total 68608K, used 44421K [0x0000000080000000, 0x0000000084300000, 0x00000000d5580000)
  object space 68608K, 64% used [0x0000000080000000,0x0000000082b61518,0x0000000084300000)
 Metaspace       used 59967K, committed 61440K, reserved 1114112K
  class space    used 6492K, committed 7168K, reserved 1048576K
}
Event: 11.750 GC heap before
{Heap before GC invocations=42 (full 3):
 PSYoungGen      total 17408K, used 17389K [0x00000000d5580000, 0x00000000d7200000, 0x0000000100000000)
  eden space 14848K, 100% used [0x00000000d5580000,0x00000000d6400000,0x00000000d6400000)
  from space 2560K, 99% used [0x00000000d6980000,0x00000000d6bfb470,0x00000000d6c00000)
  to   space 5632K, 0% used [0x00000000d6400000,0x00000000d6400000,0x00000000d6980000)
 ParOldGen       total 68608K, used 44421K [0x0000000080000000, 0x0000000084300000, 0x00000000d5580000)
  object space 68608K, 64% used [0x0000000080000000,0x0000000082b61518,0x0000000084300000)
 Metaspace       used 59970K, committed 61440K, reserved 1114112K
  class space    used 6492K, committed 7168K, reserved 1048576K
}
Event: 11.752 GC heap after
{Heap after GC invocations=42 (full 3):
 PSYoungGen      total 15360K, used 320K [0x00000000d5580000, 0x00000000d6a00000, 0x0000000100000000)
  eden space 14848K, 0% used [0x00000000d5580000,0x00000000d5580000,0x00000000d6400000)
  from space 512K, 62% used [0x00000000d6400000,0x00000000d6450000,0x00000000d6480000)
  to   space 2048K, 0% used [0x00000000d6800000,0x00000000d6800000,0x00000000d6a00000)
 ParOldGen       total 68608K, used 46914K [0x0000000080000000, 0x0000000084300000, 0x00000000d5580000)
  object space 68608K, 68% used [0x0000000080000000,0x0000000082dd0998,0x0000000084300000)
 Metaspace       used 59970K, committed 61440K, reserved 1114112K
  class space    used 6492K, committed 7168K, reserved 1048576K
}
Event: 11.828 GC heap before
{Heap before GC invocations=43 (full 3):
 PSYoungGen      total 15360K, used 15085K [0x00000000d5580000, 0x00000000d6a00000, 0x0000000100000000)
  eden space 14848K, 99% used [0x00000000d5580000,0x00000000d63eb528,0x00000000d6400000)
  from space 512K, 62% used [0x00000000d6400000,0x00000000d6450000,0x00000000d6480000)
  to   space 2048K, 0% used [0x00000000d6800000,0x00000000d6800000,0x00000000d6a00000)
 ParOldGen       total 68608K, used 46914K [0x0000000080000000, 0x0000000084300000, 0x00000000d5580000)
  object space 68608K, 68% used [0x0000000080000000,0x0000000082dd0998,0x0000000084300000)
 Metaspace       used 60092K, committed 61568K, reserved 1114112K
  class space    used 6504K, committed 7168K, reserved 1048576K
}
Event: 11.830 GC heap after
{Heap after GC invocations=43 (full 3):
 PSYoungGen      total 15872K, used 776K [0x00000000d5580000, 0x00000000d6900000, 0x0000000100000000)
  eden space 14848K, 0% used [0x00000000d5580000,0x00000000d5580000,0x00000000d6400000)
  from space 1024K, 75% used [0x00000000d6800000,0x00000000d68c2000,0x00000000d6900000)
  to   space 1024K, 0% used [0x00000000d6700000,0x00000000d6700000,0x00000000d6800000)
 ParOldGen       total 68608K, used 47042K [0x0000000080000000, 0x0000000084300000, 0x00000000d5580000)
  object space 68608K, 68% used [0x0000000080000000,0x0000000082df0998,0x0000000084300000)
 Metaspace       used 60092K, committed 61568K, reserved 1114112K
  class space    used 6504K, committed 7168K, reserved 1048576K
}
Event: 52.558 GC heap before
{Heap before GC invocations=44 (full 3):
 PSYoungGen      total 15872K, used 15623K [0x00000000d5580000, 0x00000000d6900000, 0x0000000100000000)
  eden space 14848K, 99% used [0x00000000d5580000,0x00000000d63fffa0,0x00000000d6400000)
  from space 1024K, 75% used [0x00000000d6800000,0x00000000d68c2000,0x00000000d6900000)
  to   space 1024K, 0% used [0x00000000d6700000,0x00000000d6700000,0x00000000d6800000)
 ParOldGen       total 68608K, used 47042K [0x0000000080000000, 0x0000000084300000, 0x00000000d5580000)
  object space 68608K, 68% used [0x0000000080000000,0x0000000082df0998,0x0000000084300000)
 Metaspace       used 61338K, committed 62784K, reserved 1114112K
  class space    used 6658K, committed 7296K, reserved 1048576K
}
Event: 52.561 GC heap after
{Heap after GC invocations=44 (full 3):
 PSYoungGen      total 15872K, used 896K [0x00000000d5580000, 0x00000000d6880000, 0x0000000100000000)
  eden space 14848K, 0% used [0x00000000d5580000,0x00000000d5580000,0x00000000d6400000)
  from space 1024K, 87% used [0x00000000d6700000,0x00000000d67e0000,0x00000000d6800000)
  to   space 512K, 0% used [0x00000000d6800000,0x00000000d6800000,0x00000000d6880000)
 ParOldGen       total 68608K, used 47588K [0x0000000080000000, 0x0000000084300000, 0x00000000d5580000)
  object space 68608K, 69% used [0x0000000080000000,0x0000000082e79298,0x0000000084300000)
 Metaspace       used 61338K, committed 62784K, reserved 1114112K
  class space    used 6658K, committed 7296K, reserved 1048576K
}

